{"C:\\Users\\ferna\\Desktop\\Growdev\\Trabalhos\\reminder-api\\src\\app\\envs\\env.ts": {"path":"C:\\Users\\ferna\\Desktop\\Growdev\\Trabalhos\\reminder-api\\src\\app\\envs\\env.ts","statementMap":{"0":{"start":{"line":1,"column":0},"end":{"line":1,"column":23}},"1":{"start":{"line":2,"column":13},"end":{"line":6,"column":2}},"2":{"start":{"line":7,"column":13},"end":{"line":7,"column":65}}},"fnMap":{},"branchMap":{},"s":{"0":13,"1":13,"2":13},"f":{},"b":{}}
,"C:\\Users\\ferna\\Desktop\\Growdev\\Trabalhos\\reminder-api\\src\\app\\features\\auth\\controllers\\loginController.ts": {"path":"C:\\Users\\ferna\\Desktop\\Growdev\\Trabalhos\\reminder-api\\src\\app\\features\\auth\\controllers\\loginController.ts","statementMap":{"0":{"start":{"line":2,"column":0},"end":{"line":2,"column":60}},"1":{"start":{"line":6,"column":24},"end":{"line":6,"column":43}},"2":{"start":{"line":7,"column":30},"end":{"line":7,"column":64}},"3":{"start":{"line":8,"column":4},"end":{"line":11,"column":7}},"4":{"start":{"line":5,"column":0},"end":{"line":5,"column":30}}},"fnMap":{"0":{"name":"loginController","decl":{"start":{"line":5,"column":30},"end":{"line":5,"column":45}},"loc":{"start":{"line":5,"column":75},"end":{"line":12,"column":2}}}},"branchMap":{},"s":{"0":5,"1":4,"2":4,"3":4,"4":5},"f":{"0":4},"b":{}}
,"C:\\Users\\ferna\\Desktop\\Growdev\\Trabalhos\\reminder-api\\src\\app\\features\\auth\\usecases\\generateNewToken.ts": {"path":"C:\\Users\\ferna\\Desktop\\Growdev\\Trabalhos\\reminder-api\\src\\app\\features\\auth\\usecases\\generateNewToken.ts","statementMap":{"0":{"start":{"line":1,"column":0},"end":{"line":1,"column":44}},"1":{"start":{"line":2,"column":0},"end":{"line":2,"column":31}},"2":{"start":{"line":5,"column":30},"end":{"line":6,"column":25}},"3":{"start":{"line":7,"column":4},"end":{"line":7,"column":20}},"4":{"start":{"line":4,"column":0},"end":{"line":4,"column":24}}},"fnMap":{"0":{"name":"generateNewTokenMiddleware","decl":{"start":{"line":4,"column":24},"end":{"line":4,"column":50}},"loc":{"start":{"line":4,"column":66},"end":{"line":8,"column":1}}}},"branchMap":{},"s":{"0":6,"1":6,"2":5,"3":5,"4":6},"f":{"0":5},"b":{}}
,"C:\\Users\\ferna\\Desktop\\Growdev\\Trabalhos\\reminder-api\\src\\app\\features\\auth\\validators\\middlewares\\authTokenMiddleware.ts": {"path":"C:\\Users\\ferna\\Desktop\\Growdev\\Trabalhos\\reminder-api\\src\\app\\features\\auth\\validators\\middlewares\\authTokenMiddleware.ts","statementMap":{"0":{"start":{"line":3,"column":0},"end":{"line":3,"column":47}},"1":{"start":{"line":4,"column":0},"end":{"line":4,"column":80}},"2":{"start":{"line":5,"column":0},"end":{"line":5,"column":43}},"3":{"start":{"line":6,"column":12},"end":{"line":6,"column":35}},"4":{"start":{"line":10,"column":23},"end":{"line":10,"column":51}},"5":{"start":{"line":11,"column":18},"end":{"line":11,"column":56}},"6":{"start":{"line":12,"column":29},"end":{"line":12,"column":33}},"7":{"start":{"line":13,"column":4},"end":{"line":13,"column":101}},"8":{"start":{"line":13,"column":22},"end":{"line":13,"column":101}},"9":{"start":{"line":14,"column":4},"end":{"line":24,"column":7}},"10":{"start":{"line":14,"column":71},"end":{"line":24,"column":6}},"11":{"start":{"line":15,"column":8},"end":{"line":15,"column":35}},"12":{"start":{"line":15,"column":18},"end":{"line":15,"column":35}},"13":{"start":{"line":16,"column":8},"end":{"line":22,"column":null}},"14":{"start":{"line":17,"column":48},"end":{"line":17,"column":93}},"15":{"start":{"line":18,"column":12},"end":{"line":21,"column":14}},"16":{"start":{"line":19,"column":16},"end":{"line":19,"column":55}},"17":{"start":{"line":20,"column":16},"end":{"line":20,"column":51}},"18":{"start":{"line":23,"column":8},"end":{"line":23,"column":50}},"19":{"start":{"line":23,"column":33},"end":{"line":23,"column":50}},"20":{"start":{"line":25,"column":4},"end":{"line":25,"column":97}},"21":{"start":{"line":25,"column":18},"end":{"line":25,"column":97}},"22":{"start":{"line":26,"column":4},"end":{"line":26,"column":11}},"23":{"start":{"line":8,"column":0},"end":{"line":8,"column":30}}},"fnMap":{"0":{"name":"authTokenMiddleware","decl":{"start":{"line":8,"column":30},"end":{"line":8,"column":49}},"loc":{"start":{"line":9,"column":51},"end":{"line":27,"column":2}}},"1":{"name":"(anonymous_10)","decl":{"start":{"line":14,"column":37},"end":{"line":14,"column":44}},"loc":{"start":{"line":14,"column":71},"end":{"line":24,"column":6}}},"2":{"name":"(anonymous_11)","decl":{"start":{"line":14,"column":71},"end":{"line":14,"column":null}},"loc":{"start":{"line":14,"column":71},"end":{"line":24,"column":5}}}},"branchMap":{"0":{"loc":{"start":{"line":11,"column":18},"end":{"line":11,"column":56}},"type":"binary-expr","locations":[{"start":{"line":11,"column":18},"end":{"line":11,"column":28}},{"start":{"line":11,"column":32},"end":{"line":11,"column":56}}]},"1":{"loc":{"start":{"line":13,"column":4},"end":{"line":13,"column":101}},"type":"if","locations":[{"start":{"line":13,"column":4},"end":{"line":13,"column":101}}]},"2":{"loc":{"start":{"line":15,"column":8},"end":{"line":15,"column":35}},"type":"if","locations":[{"start":{"line":15,"column":8},"end":{"line":15,"column":35}}]},"3":{"loc":{"start":{"line":16,"column":8},"end":{"line":22,"column":null}},"type":"if","locations":[{"start":{"line":16,"column":8},"end":{"line":22,"column":null}}]},"4":{"loc":{"start":{"line":18,"column":12},"end":{"line":21,"column":14}},"type":"if","locations":[{"start":{"line":18,"column":12},"end":{"line":21,"column":14}}]},"5":{"loc":{"start":{"line":23,"column":8},"end":{"line":23,"column":50}},"type":"if","locations":[{"start":{"line":23,"column":8},"end":{"line":23,"column":50}}]},"6":{"loc":{"start":{"line":25,"column":4},"end":{"line":25,"column":97}},"type":"if","locations":[{"start":{"line":25,"column":4},"end":{"line":25,"column":97}}]}},"s":{"0":5,"1":5,"2":5,"3":5,"4":14,"5":14,"6":14,"7":14,"8":3,"9":11,"10":11,"11":11,"12":0,"13":11,"14":11,"15":11,"16":8,"17":8,"18":11,"19":3,"20":11,"21":3,"22":8,"23":5},"f":{"0":14,"1":11,"2":11},"b":{"0":[14,11],"1":[3],"2":[0],"3":[11],"4":[8],"5":[3],"6":[3]}}
,"C:\\Users\\ferna\\Desktop\\Growdev\\Trabalhos\\reminder-api\\src\\app\\features\\auth\\validators\\middlewares\\loginAuthMiddleware.ts": {"path":"C:\\Users\\ferna\\Desktop\\Growdev\\Trabalhos\\reminder-api\\src\\app\\features\\auth\\validators\\middlewares\\loginAuthMiddleware.ts","statementMap":{"0":{"start":{"line":2,"column":0},"end":{"line":2,"column":43}},"1":{"start":{"line":3,"column":0},"end":{"line":3,"column":80}},"2":{"start":{"line":7,"column":35},"end":{"line":7,"column":45}},"3":{"start":{"line":8,"column":4},"end":{"line":10,"column":6}},"4":{"start":{"line":9,"column":8},"end":{"line":9,"column":90}},"5":{"start":{"line":11,"column":30},"end":{"line":11,"column":78}},"6":{"start":{"line":12,"column":4},"end":{"line":14,"column":6}},"7":{"start":{"line":13,"column":8},"end":{"line":13,"column":83}},"8":{"start":{"line":15,"column":4},"end":{"line":15,"column":48}},"9":{"start":{"line":16,"column":4},"end":{"line":16,"column":11}},"10":{"start":{"line":5,"column":0},"end":{"line":5,"column":30}}},"fnMap":{"0":{"name":"loginAuthMiddleware","decl":{"start":{"line":5,"column":30},"end":{"line":5,"column":49}},"loc":{"start":{"line":6,"column":51},"end":{"line":17,"column":2}}}},"branchMap":{"0":{"loc":{"start":{"line":8,"column":4},"end":{"line":10,"column":6}},"type":"if","locations":[{"start":{"line":8,"column":4},"end":{"line":10,"column":6}}]},"1":{"loc":{"start":{"line":8,"column":7},"end":{"line":8,"column":67}},"type":"binary-expr","locations":[{"start":{"line":8,"column":7},"end":{"line":8,"column":35}},{"start":{"line":8,"column":39},"end":{"line":8,"column":67}}]},"2":{"loc":{"start":{"line":12,"column":4},"end":{"line":14,"column":6}},"type":"if","locations":[{"start":{"line":12,"column":4},"end":{"line":14,"column":6}}]},"3":{"loc":{"start":{"line":12,"column":7},"end":{"line":12,"column":56}},"type":"binary-expr","locations":[{"start":{"line":12,"column":7},"end":{"line":12,"column":19}},{"start":{"line":12,"column":23},"end":{"line":12,"column":56}}]}},"s":{"0":5,"1":5,"2":5,"3":5,"4":0,"5":5,"6":5,"7":1,"8":4,"9":4,"10":5},"f":{"0":5},"b":{"0":[0],"1":[5,5],"2":[1],"3":[5,4]}}
,"C:\\Users\\ferna\\Desktop\\Growdev\\Trabalhos\\reminder-api\\src\\app\\features\\reminder\\controllers\\archiveReminderController.ts": {"path":"C:\\Users\\ferna\\Desktop\\Growdev\\Trabalhos\\reminder-api\\src\\app\\features\\reminder\\controllers\\archiveReminderController.ts","statementMap":{"0":{"start":{"line":3,"column":0},"end":{"line":3,"column":66}},"1":{"start":{"line":6,"column":39},"end":{"line":6,"column":62}},"2":{"start":{"line":7,"column":37},"end":{"line":7,"column":72}},"3":{"start":{"line":8,"column":4},"end":{"line":8,"column":62}},"4":{"start":{"line":5,"column":0},"end":{"line":5,"column":30}}},"fnMap":{"0":{"name":"archiveReminderController","decl":{"start":{"line":5,"column":30},"end":{"line":5,"column":55}},"loc":{"start":{"line":5,"column":85},"end":{"line":9,"column":2}}}},"branchMap":{},"s":{"0":5,"1":0,"2":0,"3":0,"4":5},"f":{"0":0},"b":{}}
,"C:\\Users\\ferna\\Desktop\\Growdev\\Trabalhos\\reminder-api\\src\\app\\features\\reminder\\controllers\\createReminderController.ts": {"path":"C:\\Users\\ferna\\Desktop\\Growdev\\Trabalhos\\reminder-api\\src\\app\\features\\reminder\\controllers\\createReminderController.ts","statementMap":{"0":{"start":{"line":2,"column":0},"end":{"line":2,"column":56}},"1":{"start":{"line":5,"column":4},"end":{"line":5,"column":35}},"2":{"start":{"line":6,"column":4},"end":{"line":6,"column":null}},"3":{"start":{"line":4,"column":0},"end":{"line":4,"column":30}}},"fnMap":{"0":{"name":"createReminderController","decl":{"start":{"line":4,"column":30},"end":{"line":4,"column":54}},"loc":{"start":{"line":4,"column":84},"end":{"line":7,"column":2}}}},"branchMap":{},"s":{"0":5,"1":1,"2":1,"3":5},"f":{"0":1},"b":{}}
,"C:\\Users\\ferna\\Desktop\\Growdev\\Trabalhos\\reminder-api\\src\\app\\features\\reminder\\controllers\\deleteReminderController.ts": {"path":"C:\\Users\\ferna\\Desktop\\Growdev\\Trabalhos\\reminder-api\\src\\app\\features\\reminder\\controllers\\deleteReminderController.ts","statementMap":{"0":{"start":{"line":3,"column":0},"end":{"line":3,"column":56}},"1":{"start":{"line":6,"column":39},"end":{"line":6,"column":62}},"2":{"start":{"line":7,"column":4},"end":{"line":7,"column":35}},"3":{"start":{"line":8,"column":4},"end":{"line":8,"column":77}},"4":{"start":{"line":5,"column":0},"end":{"line":5,"column":30}}},"fnMap":{"0":{"name":"deleteReminderController","decl":{"start":{"line":5,"column":30},"end":{"line":5,"column":54}},"loc":{"start":{"line":5,"column":84},"end":{"line":9,"column":2}}}},"branchMap":{},"s":{"0":5,"1":0,"2":0,"3":0,"4":5},"f":{"0":0},"b":{}}
,"C:\\Users\\ferna\\Desktop\\Growdev\\Trabalhos\\reminder-api\\src\\app\\features\\reminder\\controllers\\getRemindersController.ts": {"path":"C:\\Users\\ferna\\Desktop\\Growdev\\Trabalhos\\reminder-api\\src\\app\\features\\reminder\\controllers\\getRemindersController.ts","statementMap":{"0":{"start":{"line":4,"column":0},"end":{"line":4,"column":60}},"1":{"start":{"line":8,"column":33},"end":{"line":8,"column":42}},"2":{"start":{"line":9,"column":30},"end":{"line":9,"column":49}},"3":{"start":{"line":10,"column":55},"end":{"line":14,"column":6}},"4":{"start":{"line":15,"column":44},"end":{"line":15,"column":86}},"5":{"start":{"line":16,"column":4},"end":{"line":16,"column":47}},"6":{"start":{"line":7,"column":0},"end":{"line":7,"column":30}}},"fnMap":{"0":{"name":"getRemindersController","decl":{"start":{"line":7,"column":30},"end":{"line":7,"column":52}},"loc":{"start":{"line":7,"column":82},"end":{"line":17,"column":2}}}},"branchMap":{},"s":{"0":5,"1":0,"2":0,"3":0,"4":0,"5":0,"6":5},"f":{"0":0},"b":{}}
,"C:\\Users\\ferna\\Desktop\\Growdev\\Trabalhos\\reminder-api\\src\\app\\features\\reminder\\controllers\\updateReminderController.ts": {"path":"C:\\Users\\ferna\\Desktop\\Growdev\\Trabalhos\\reminder-api\\src\\app\\features\\reminder\\controllers\\updateReminderController.ts","statementMap":{"0":{"start":{"line":4,"column":0},"end":{"line":4,"column":56}},"1":{"start":{"line":7,"column":39},"end":{"line":7,"column":62}},"2":{"start":{"line":8,"column":47},"end":{"line":8,"column":71}},"3":{"start":{"line":9,"column":4},"end":{"line":9,"column":52}},"4":{"start":{"line":10,"column":4},"end":{"line":10,"column":79}},"5":{"start":{"line":6,"column":0},"end":{"line":6,"column":30}}},"fnMap":{"0":{"name":"updateReminderController","decl":{"start":{"line":6,"column":30},"end":{"line":6,"column":54}},"loc":{"start":{"line":6,"column":84},"end":{"line":11,"column":2}}}},"branchMap":{},"s":{"0":5,"1":0,"2":0,"3":0,"4":0,"5":5},"f":{"0":0},"b":{}}
,"C:\\Users\\ferna\\Desktop\\Growdev\\Trabalhos\\reminder-api\\src\\app\\features\\reminder\\repository\\remindersTypeOrmRepository.ts": {"path":"C:\\Users\\ferna\\Desktop\\Growdev\\Trabalhos\\reminder-api\\src\\app\\features\\reminder\\repository\\remindersTypeOrmRepository.ts","statementMap":{"0":{"start":{"line":2,"column":0},"end":{"line":2,"column":75}},"1":{"start":{"line":3,"column":0},"end":{"line":3,"column":61}},"2":{"start":{"line":4,"column":0},"end":{"line":4,"column":48}},"3":{"start":{"line":13,"column":8},"end":{"line":13,"column":89}},"4":{"start":{"line":17,"column":54},"end":{"line":19,"column":10}},"5":{"start":{"line":20,"column":8},"end":{"line":20,"column":null}},"6":{"start":{"line":20,"column":66},"end":{"line":20,"column":90}},"7":{"start":{"line":24,"column":8},"end":{"line":26,"column":11}},"8":{"start":{"line":30,"column":8},"end":{"line":30,"column":30}},"9":{"start":{"line":34,"column":8},"end":{"line":34,"column":32}},"10":{"start":{"line":6,"column":0},"end":{"line":6,"column":13}},"11":{"start":{"line":38,"column":13},"end":{"line":38,"column":65}}},"fnMap":{"0":{"name":"(anonymous_8)","decl":{"start":{"line":9,"column":4},"end":{"line":9,"column":19}},"loc":{"start":{"line":9,"column":4},"end":{"line":10,"column":5}}},"1":{"name":"(anonymous_9)","decl":{"start":{"line":12,"column":4},"end":{"line":12,"column":17}},"loc":{"start":{"line":12,"column":17},"end":{"line":14,"column":5}}},"2":{"name":"(anonymous_10)","decl":{"start":{"line":16,"column":10},"end":{"line":16,"column":30}},"loc":{"start":{"line":16,"column":46},"end":{"line":21,"column":6}}},"3":{"name":"(anonymous_12)","decl":{"start":{"line":20,"column":32},"end":{"line":20,"column":33}},"loc":{"start":{"line":20,"column":66},"end":{"line":20,"column":90}}},"4":{"name":"(anonymous_13)","decl":{"start":{"line":23,"column":10},"end":{"line":23,"column":25}},"loc":{"start":{"line":23,"column":45},"end":{"line":27,"column":6}}},"5":{"name":"(anonymous_15)","decl":{"start":{"line":29,"column":10},"end":{"line":29,"column":22}},"loc":{"start":{"line":29,"column":49},"end":{"line":31,"column":6}}},"6":{"name":"(anonymous_17)","decl":{"start":{"line":33,"column":10},"end":{"line":33,"column":24}},"loc":{"start":{"line":33,"column":51},"end":{"line":35,"column":6}}}},"branchMap":{},"s":{"0":12,"1":12,"2":12,"3":5,"4":0,"5":0,"6":0,"7":0,"8":1,"9":0,"10":12,"11":12},"f":{"0":12,"1":5,"2":0,"3":0,"4":0,"5":1,"6":0},"b":{}}
,"C:\\Users\\ferna\\Desktop\\Growdev\\Trabalhos\\reminder-api\\src\\app\\features\\reminder\\usecases\\changeArchiveStatus.ts": {"path":"C:\\Users\\ferna\\Desktop\\Growdev\\Trabalhos\\reminder-api\\src\\app\\features\\reminder\\usecases\\changeArchiveStatus.ts","statementMap":{"0":{"start":{"line":2,"column":0},"end":{"line":2,"column":78}},"1":{"start":{"line":6,"column":4},"end":{"line":10,"column":6}},"2":{"start":{"line":7,"column":8},"end":{"line":7,"column":33}},"3":{"start":{"line":8,"column":8},"end":{"line":8,"column":56}},"4":{"start":{"line":9,"column":8},"end":{"line":9,"column":47}},"5":{"start":{"line":11,"column":4},"end":{"line":11,"column":30}},"6":{"start":{"line":12,"column":4},"end":{"line":12,"column":52}},"7":{"start":{"line":13,"column":4},"end":{"line":13,"column":46}},"8":{"start":{"line":4,"column":0},"end":{"line":4,"column":30}}},"fnMap":{"0":{"name":"changeArchiveStatus","decl":{"start":{"line":4,"column":30},"end":{"line":4,"column":49}},"loc":{"start":{"line":5,"column":27},"end":{"line":14,"column":2}}}},"branchMap":{"0":{"loc":{"start":{"line":6,"column":4},"end":{"line":10,"column":6}},"type":"if","locations":[{"start":{"line":6,"column":4},"end":{"line":10,"column":6}}]}},"s":{"0":6,"1":2,"2":1,"3":1,"4":1,"5":1,"6":1,"7":1,"8":6},"f":{"0":2},"b":{"0":[1]}}
,"C:\\Users\\ferna\\Desktop\\Growdev\\Trabalhos\\reminder-api\\src\\app\\features\\reminder\\usecases\\createReminder.ts": {"path":"C:\\Users\\ferna\\Desktop\\Growdev\\Trabalhos\\reminder-api\\src\\app\\features\\reminder\\usecases\\createReminder.ts","statementMap":{"0":{"start":{"line":2,"column":0},"end":{"line":2,"column":75}},"1":{"start":{"line":3,"column":0},"end":{"line":3,"column":76}},"2":{"start":{"line":4,"column":0},"end":{"line":4,"column":78}},"3":{"start":{"line":7,"column":30},"end":{"line":7,"column":53}},"4":{"start":{"line":8,"column":42},"end":{"line":8,"column":61}},"5":{"start":{"line":9,"column":4},"end":{"line":9,"column":79}},"6":{"start":{"line":10,"column":4},"end":{"line":10,"column":41}},"7":{"start":{"line":11,"column":4},"end":{"line":11,"column":41}},"8":{"start":{"line":12,"column":4},"end":{"line":12,"column":89}},"9":{"start":{"line":13,"column":4},"end":{"line":13,"column":49}},"10":{"start":{"line":14,"column":4},"end":{"line":14,"column":55}},"11":{"start":{"line":6,"column":0},"end":{"line":6,"column":30}}},"fnMap":{"0":{"name":"createReminder","decl":{"start":{"line":6,"column":30},"end":{"line":6,"column":44}},"loc":{"start":{"line":6,"column":63},"end":{"line":15,"column":2}}}},"branchMap":{},"s":{"0":6,"1":6,"2":6,"3":2,"4":2,"5":2,"6":2,"7":2,"8":2,"9":2,"10":2,"11":6},"f":{"0":2},"b":{}}
,"C:\\Users\\ferna\\Desktop\\Growdev\\Trabalhos\\reminder-api\\src\\app\\features\\reminder\\usecases\\deleteReminder.ts": {"path":"C:\\Users\\ferna\\Desktop\\Growdev\\Trabalhos\\reminder-api\\src\\app\\features\\reminder\\usecases\\deleteReminder.ts","statementMap":{"0":{"start":{"line":2,"column":0},"end":{"line":2,"column":78}},"1":{"start":{"line":5,"column":4},"end":{"line":5,"column":54}},"2":{"start":{"line":4,"column":0},"end":{"line":4,"column":30}}},"fnMap":{"0":{"name":"deleteReminder","decl":{"start":{"line":4,"column":30},"end":{"line":4,"column":44}},"loc":{"start":{"line":4,"column":71},"end":{"line":6,"column":2}}}},"branchMap":{},"s":{"0":6,"1":1,"2":6},"f":{"0":1},"b":{}}
,"C:\\Users\\ferna\\Desktop\\Growdev\\Trabalhos\\reminder-api\\src\\app\\features\\reminder\\usecases\\getUserReminders.ts": {"path":"C:\\Users\\ferna\\Desktop\\Growdev\\Trabalhos\\reminder-api\\src\\app\\features\\reminder\\usecases\\getUserReminders.ts","statementMap":{"0":{"start":{"line":2,"column":0},"end":{"line":2,"column":78}},"1":{"start":{"line":7,"column":42},"end":{"line":7,"column":114}},"2":{"start":{"line":8,"column":4},"end":{"line":10,"column":6}},"3":{"start":{"line":9,"column":8},"end":{"line":9,"column":101}},"4":{"start":{"line":9,"column":70},"end":{"line":9,"column":99}},"5":{"start":{"line":11,"column":4},"end":{"line":21,"column":6}},"6":{"start":{"line":12,"column":34},"end":{"line":12,"column":73}},"7":{"start":{"line":13,"column":8},"end":{"line":20,"column":11}},"8":{"start":{"line":14,"column":12},"end":{"line":19,"column":14}},"9":{"start":{"line":15,"column":16},"end":{"line":15,"column":32}},"10":{"start":{"line":17,"column":17},"end":{"line":19,"column":14}},"11":{"start":{"line":18,"column":16},"end":{"line":18,"column":32}},"12":{"start":{"line":22,"column":4},"end":{"line":22,"column":25}},"13":{"start":{"line":5,"column":0},"end":{"line":5,"column":30}}},"fnMap":{"0":{"name":"getUserReminders","decl":{"start":{"line":5,"column":30},"end":{"line":5,"column":46}},"loc":{"start":{"line":6,"column":43},"end":{"line":23,"column":2}}},"1":{"name":"(anonymous_9)","decl":{"start":{"line":9,"column":45},"end":{"line":9,"column":46}},"loc":{"start":{"line":9,"column":70},"end":{"line":9,"column":99}}},"2":{"name":"(anonymous_10)","decl":{"start":{"line":13,"column":45},"end":{"line":13,"column":46}},"loc":{"start":{"line":13,"column":69},"end":{"line":20,"column":9}}}},"branchMap":{"0":{"loc":{"start":{"line":8,"column":4},"end":{"line":10,"column":6}},"type":"if","locations":[{"start":{"line":8,"column":4},"end":{"line":10,"column":6}}]},"1":{"loc":{"start":{"line":11,"column":4},"end":{"line":21,"column":6}},"type":"if","locations":[{"start":{"line":11,"column":4},"end":{"line":21,"column":6}}]},"2":{"loc":{"start":{"line":14,"column":12},"end":{"line":19,"column":14}},"type":"if","locations":[{"start":{"line":14,"column":12},"end":{"line":19,"column":14}},{"start":{"line":17,"column":17},"end":{"line":19,"column":14}}]},"3":{"loc":{"start":{"line":17,"column":17},"end":{"line":19,"column":14}},"type":"if","locations":[{"start":{"line":17,"column":17},"end":{"line":19,"column":14}}]}},"s":{"0":6,"1":4,"2":4,"3":2,"4":6,"5":4,"6":1,"7":1,"8":3,"9":0,"10":3,"11":2,"12":4,"13":6},"f":{"0":4,"1":6,"2":3},"b":{"0":[2],"1":[1],"2":[0,3],"3":[2]}}
,"C:\\Users\\ferna\\Desktop\\Growdev\\Trabalhos\\reminder-api\\src\\app\\features\\reminder\\usecases\\updateReminder.ts": {"path":"C:\\Users\\ferna\\Desktop\\Growdev\\Trabalhos\\reminder-api\\src\\app\\features\\reminder\\usecases\\updateReminder.ts","statementMap":{"0":{"start":{"line":3,"column":0},"end":{"line":3,"column":78}},"1":{"start":{"line":7,"column":4},"end":{"line":7,"column":88}},"2":{"start":{"line":8,"column":4},"end":{"line":8,"column":80}},"3":{"start":{"line":9,"column":4},"end":{"line":9,"column":80}},"4":{"start":{"line":10,"column":4},"end":{"line":10,"column":108}},"5":{"start":{"line":11,"column":4},"end":{"line":11,"column":52}},"6":{"start":{"line":5,"column":0},"end":{"line":5,"column":30}}},"fnMap":{"0":{"name":"updateReminder","decl":{"start":{"line":5,"column":30},"end":{"line":5,"column":44}},"loc":{"start":{"line":6,"column":63},"end":{"line":12,"column":2}}}},"branchMap":{"0":{"loc":{"start":{"line":7,"column":22},"end":{"line":7,"column":87}},"type":"cond-expr","locations":[{"start":{"line":7,"column":47},"end":{"line":7,"column":69}},{"start":{"line":7,"column":72},"end":{"line":7,"column":87}}]},"1":{"loc":{"start":{"line":8,"column":20},"end":{"line":8,"column":79}},"type":"cond-expr","locations":[{"start":{"line":8,"column":43},"end":{"line":8,"column":63}},{"start":{"line":8,"column":66},"end":{"line":8,"column":79}}]},"2":{"loc":{"start":{"line":9,"column":20},"end":{"line":9,"column":79}},"type":"cond-expr","locations":[{"start":{"line":9,"column":43},"end":{"line":9,"column":63}},{"start":{"line":9,"column":66},"end":{"line":9,"column":79}}]},"3":{"loc":{"start":{"line":10,"column":27},"end":{"line":10,"column":107}},"type":"cond-expr","locations":[{"start":{"line":10,"column":57},"end":{"line":10,"column":84}},{"start":{"line":10,"column":87},"end":{"line":10,"column":107}}]}},"s":{"0":6,"1":1,"2":1,"3":1,"4":1,"5":1,"6":6},"f":{"0":1},"b":{"0":[1,0],"1":[0,1],"2":[1,0],"3":[0,1]}}
,"C:\\Users\\ferna\\Desktop\\Growdev\\Trabalhos\\reminder-api\\src\\app\\features\\reminder\\validators\\actionValidation.ts": {"path":"C:\\Users\\ferna\\Desktop\\Growdev\\Trabalhos\\reminder-api\\src\\app\\features\\reminder\\validators\\actionValidation.ts","statementMap":{"0":{"start":{"line":2,"column":4},"end":{"line":4,"column":6}},"1":{"start":{"line":3,"column":8},"end":{"line":3,"column":79}},"2":{"start":{"line":5,"column":4},"end":{"line":5,"column":16}},"3":{"start":{"line":1,"column":0},"end":{"line":1,"column":24}}},"fnMap":{"0":{"name":"actionValidation","decl":{"start":{"line":1,"column":24},"end":{"line":1,"column":40}},"loc":{"start":{"line":1,"column":56},"end":{"line":6,"column":1}}}},"branchMap":{"0":{"loc":{"start":{"line":2,"column":4},"end":{"line":4,"column":6}},"type":"if","locations":[{"start":{"line":2,"column":4},"end":{"line":4,"column":6}}]},"1":{"loc":{"start":{"line":2,"column":8},"end":{"line":2,"column":49}},"type":"binary-expr","locations":[{"start":{"line":2,"column":8},"end":{"line":2,"column":26}},{"start":{"line":2,"column":30},"end":{"line":2,"column":49}}]}},"s":{"0":5,"1":1,"2":4,"3":5},"f":{"0":5},"b":{"0":[1],"1":[5,4]}}
,"C:\\Users\\ferna\\Desktop\\Growdev\\Trabalhos\\reminder-api\\src\\app\\features\\reminder\\validators\\dateValidation.ts": {"path":"C:\\Users\\ferna\\Desktop\\Growdev\\Trabalhos\\reminder-api\\src\\app\\features\\reminder\\validators\\dateValidation.ts","statementMap":{"0":{"start":{"line":2,"column":38},"end":{"line":2,"column":52}},"1":{"start":{"line":3,"column":4},"end":{"line":5,"column":6}},"2":{"start":{"line":4,"column":8},"end":{"line":4,"column":44}},"3":{"start":{"line":6,"column":25},"end":{"line":6,"column":60}},"4":{"start":{"line":7,"column":27},"end":{"line":7,"column":62}},"5":{"start":{"line":8,"column":26},"end":{"line":8,"column":55}},"6":{"start":{"line":9,"column":4},"end":{"line":11,"column":6}},"7":{"start":{"line":10,"column":8},"end":{"line":10,"column":56}},"8":{"start":{"line":12,"column":4},"end":{"line":23,"column":6}},"9":{"start":{"line":13,"column":8},"end":{"line":13,"column":41}},"10":{"start":{"line":15,"column":9},"end":{"line":23,"column":6}},"11":{"start":{"line":16,"column":8},"end":{"line":16,"column":41}},"12":{"start":{"line":18,"column":9},"end":{"line":23,"column":6}},"13":{"start":{"line":19,"column":8},"end":{"line":19,"column":41}},"14":{"start":{"line":21,"column":9},"end":{"line":23,"column":6}},"15":{"start":{"line":22,"column":8},"end":{"line":22,"column":44}},"16":{"start":{"line":24,"column":4},"end":{"line":24,"column":16}},"17":{"start":{"line":1,"column":0},"end":{"line":1,"column":24}}},"fnMap":{"0":{"name":"dateValidation","decl":{"start":{"line":1,"column":24},"end":{"line":1,"column":38}},"loc":{"start":{"line":1,"column":52},"end":{"line":25,"column":1}}}},"branchMap":{"0":{"loc":{"start":{"line":3,"column":4},"end":{"line":5,"column":6}},"type":"if","locations":[{"start":{"line":3,"column":4},"end":{"line":5,"column":6}}]},"1":{"loc":{"start":{"line":9,"column":4},"end":{"line":11,"column":6}},"type":"if","locations":[{"start":{"line":9,"column":4},"end":{"line":11,"column":6}}]},"2":{"loc":{"start":{"line":9,"column":8},"end":{"line":9,"column":88}},"type":"binary-expr","locations":[{"start":{"line":9,"column":8},"end":{"line":9,"column":31}},{"start":{"line":9,"column":35},"end":{"line":9,"column":60}},{"start":{"line":9,"column":64},"end":{"line":9,"column":88}}]},"3":{"loc":{"start":{"line":12,"column":4},"end":{"line":23,"column":6}},"type":"if","locations":[{"start":{"line":12,"column":4},"end":{"line":23,"column":6}},{"start":{"line":15,"column":9},"end":{"line":23,"column":6}}]},"4":{"loc":{"start":{"line":12,"column":8},"end":{"line":12,"column":28}},"type":"binary-expr","locations":[{"start":{"line":12,"column":8},"end":{"line":12,"column":16}},{"start":{"line":12,"column":20},"end":{"line":12,"column":28}}]},"5":{"loc":{"start":{"line":15,"column":9},"end":{"line":23,"column":6}},"type":"if","locations":[{"start":{"line":15,"column":9},"end":{"line":23,"column":6}},{"start":{"line":18,"column":9},"end":{"line":23,"column":6}}]},"6":{"loc":{"start":{"line":15,"column":13},"end":{"line":15,"column":37}},"type":"binary-expr","locations":[{"start":{"line":15,"column":13},"end":{"line":15,"column":23}},{"start":{"line":15,"column":27},"end":{"line":15,"column":37}}]},"7":{"loc":{"start":{"line":18,"column":9},"end":{"line":23,"column":6}},"type":"if","locations":[{"start":{"line":18,"column":9},"end":{"line":23,"column":6}},{"start":{"line":21,"column":9},"end":{"line":23,"column":6}}]},"8":{"loc":{"start":{"line":18,"column":13},"end":{"line":18,"column":39}},"type":"binary-expr","locations":[{"start":{"line":18,"column":13},"end":{"line":18,"column":24}},{"start":{"line":18,"column":28},"end":{"line":18,"column":39}}]},"9":{"loc":{"start":{"line":21,"column":9},"end":{"line":23,"column":6}},"type":"if","locations":[{"start":{"line":21,"column":9},"end":{"line":23,"column":6}}]},"10":{"loc":{"start":{"line":21,"column":13},"end":{"line":21,"column":57}},"type":"binary-expr","locations":[{"start":{"line":21,"column":13},"end":{"line":21,"column":33}},{"start":{"line":21,"column":37},"end":{"line":21,"column":57}}]}},"s":{"0":5,"1":5,"2":1,"3":4,"4":4,"5":4,"6":4,"7":0,"8":4,"9":0,"10":4,"11":0,"12":4,"13":0,"14":4,"15":0,"16":4,"17":5},"f":{"0":5},"b":{"0":[1],"1":[0],"2":[4,4,4],"3":[0,4],"4":[4,4],"5":[0,4],"6":[4,4],"7":[0,4],"8":[4,4],"9":[0],"10":[4,4]}}
,"C:\\Users\\ferna\\Desktop\\Growdev\\Trabalhos\\reminder-api\\src\\app\\features\\reminder\\validators\\descriptionValidation.ts": {"path":"C:\\Users\\ferna\\Desktop\\Growdev\\Trabalhos\\reminder-api\\src\\app\\features\\reminder\\validators\\descriptionValidation.ts","statementMap":{"0":{"start":{"line":2,"column":4},"end":{"line":4,"column":6}},"1":{"start":{"line":3,"column":8},"end":{"line":3,"column":78}},"2":{"start":{"line":5,"column":4},"end":{"line":5,"column":16}},"3":{"start":{"line":1,"column":0},"end":{"line":1,"column":24}}},"fnMap":{"0":{"name":"descriptionValidation","decl":{"start":{"line":1,"column":24},"end":{"line":1,"column":45}},"loc":{"start":{"line":1,"column":66},"end":{"line":6,"column":1}}}},"branchMap":{"0":{"loc":{"start":{"line":2,"column":4},"end":{"line":4,"column":6}},"type":"if","locations":[{"start":{"line":2,"column":4},"end":{"line":4,"column":6}}]},"1":{"loc":{"start":{"line":2,"column":8},"end":{"line":2,"column":59}},"type":"binary-expr","locations":[{"start":{"line":2,"column":8},"end":{"line":2,"column":31}},{"start":{"line":2,"column":35},"end":{"line":2,"column":59}}]}},"s":{"0":5,"1":1,"2":4,"3":5},"f":{"0":5},"b":{"0":[1],"1":[5,5]}}
,"C:\\Users\\ferna\\Desktop\\Growdev\\Trabalhos\\reminder-api\\src\\app\\features\\reminder\\validators\\timeValidation.ts": {"path":"C:\\Users\\ferna\\Desktop\\Growdev\\Trabalhos\\reminder-api\\src\\app\\features\\reminder\\validators\\timeValidation.ts","statementMap":{"0":{"start":{"line":2,"column":38},"end":{"line":2,"column":52}},"1":{"start":{"line":3,"column":4},"end":{"line":5,"column":6}},"2":{"start":{"line":4,"column":8},"end":{"line":4,"column":46}},"3":{"start":{"line":6,"column":26},"end":{"line":6,"column":61}},"4":{"start":{"line":7,"column":28},"end":{"line":7,"column":63}},"5":{"start":{"line":8,"column":4},"end":{"line":10,"column":6}},"6":{"start":{"line":9,"column":8},"end":{"line":9,"column":55}},"7":{"start":{"line":11,"column":4},"end":{"line":19,"column":6}},"8":{"start":{"line":12,"column":8},"end":{"line":12,"column":42}},"9":{"start":{"line":14,"column":9},"end":{"line":19,"column":6}},"10":{"start":{"line":15,"column":8},"end":{"line":15,"column":44}},"11":{"start":{"line":17,"column":9},"end":{"line":19,"column":6}},"12":{"start":{"line":18,"column":8},"end":{"line":18,"column":46}},"13":{"start":{"line":20,"column":4},"end":{"line":20,"column":16}},"14":{"start":{"line":1,"column":0},"end":{"line":1,"column":24}}},"fnMap":{"0":{"name":"timeValidation","decl":{"start":{"line":1,"column":24},"end":{"line":1,"column":38}},"loc":{"start":{"line":1,"column":52},"end":{"line":21,"column":1}}}},"branchMap":{"0":{"loc":{"start":{"line":3,"column":4},"end":{"line":5,"column":6}},"type":"if","locations":[{"start":{"line":3,"column":4},"end":{"line":5,"column":6}}]},"1":{"loc":{"start":{"line":8,"column":4},"end":{"line":10,"column":6}},"type":"if","locations":[{"start":{"line":8,"column":4},"end":{"line":10,"column":6}}]},"2":{"loc":{"start":{"line":8,"column":8},"end":{"line":8,"column":62}},"type":"binary-expr","locations":[{"start":{"line":8,"column":8},"end":{"line":8,"column":32}},{"start":{"line":8,"column":36},"end":{"line":8,"column":62}}]},"3":{"loc":{"start":{"line":11,"column":4},"end":{"line":19,"column":6}},"type":"if","locations":[{"start":{"line":11,"column":4},"end":{"line":19,"column":6}},{"start":{"line":14,"column":9},"end":{"line":19,"column":6}}]},"4":{"loc":{"start":{"line":11,"column":8},"end":{"line":11,"column":29}},"type":"binary-expr","locations":[{"start":{"line":11,"column":8},"end":{"line":11,"column":17}},{"start":{"line":11,"column":21},"end":{"line":11,"column":29}}]},"5":{"loc":{"start":{"line":14,"column":9},"end":{"line":19,"column":6}},"type":"if","locations":[{"start":{"line":14,"column":9},"end":{"line":19,"column":6}},{"start":{"line":17,"column":9},"end":{"line":19,"column":6}}]},"6":{"loc":{"start":{"line":14,"column":13},"end":{"line":14,"column":38}},"type":"binary-expr","locations":[{"start":{"line":14,"column":13},"end":{"line":14,"column":24}},{"start":{"line":14,"column":28},"end":{"line":14,"column":38}}]},"7":{"loc":{"start":{"line":17,"column":9},"end":{"line":19,"column":6}},"type":"if","locations":[{"start":{"line":17,"column":9},"end":{"line":19,"column":6}}]}},"s":{"0":5,"1":5,"2":1,"3":4,"4":4,"5":4,"6":0,"7":4,"8":0,"9":4,"10":0,"11":4,"12":0,"13":4,"14":5},"f":{"0":5},"b":{"0":[1],"1":[0],"2":[4,4],"3":[0,4],"4":[4,4],"5":[0,4],"6":[4,4],"7":[0]}}
,"C:\\Users\\ferna\\Desktop\\Growdev\\Trabalhos\\reminder-api\\src\\app\\features\\reminder\\validators\\middlewares\\validNewReminderMiddleware.ts": {"path":"C:\\Users\\ferna\\Desktop\\Growdev\\Trabalhos\\reminder-api\\src\\app\\features\\reminder\\validators\\middlewares\\validNewReminderMiddleware.ts","statementMap":{"0":{"start":{"line":2,"column":0},"end":{"line":2,"column":51}},"1":{"start":{"line":3,"column":0},"end":{"line":3,"column":47}},"2":{"start":{"line":4,"column":0},"end":{"line":4,"column":47}},"3":{"start":{"line":5,"column":0},"end":{"line":5,"column":61}},"4":{"start":{"line":9,"column":46},"end":{"line":9,"column":54}},"5":{"start":{"line":10,"column":4},"end":{"line":12,"column":6}},"6":{"start":{"line":10,"column":55},"end":{"line":10,"column":78}},"7":{"start":{"line":11,"column":8},"end":{"line":11,"column":88}},"8":{"start":{"line":13,"column":42},"end":{"line":13,"column":66}},"9":{"start":{"line":14,"column":40},"end":{"line":14,"column":60}},"10":{"start":{"line":15,"column":40},"end":{"line":15,"column":60}},"11":{"start":{"line":16,"column":47},"end":{"line":16,"column":81}},"12":{"start":{"line":17,"column":4},"end":{"line":17,"column":81}},"13":{"start":{"line":17,"column":28},"end":{"line":17,"column":81}},"14":{"start":{"line":18,"column":4},"end":{"line":18,"column":77}},"15":{"start":{"line":18,"column":26},"end":{"line":18,"column":77}},"16":{"start":{"line":19,"column":4},"end":{"line":19,"column":77}},"17":{"start":{"line":19,"column":26},"end":{"line":19,"column":77}},"18":{"start":{"line":20,"column":4},"end":{"line":20,"column":91}},"19":{"start":{"line":20,"column":33},"end":{"line":20,"column":91}},"20":{"start":{"line":21,"column":4},"end":{"line":21,"column":11}},"21":{"start":{"line":7,"column":0},"end":{"line":7,"column":24}}},"fnMap":{"0":{"name":"validNewReminderMiddleware","decl":{"start":{"line":7,"column":24},"end":{"line":7,"column":50}},"loc":{"start":{"line":8,"column":51},"end":{"line":22,"column":1}}},"1":{"name":"(anonymous_2)","decl":{"start":{"line":10,"column":46},"end":{"line":10,"column":47}},"loc":{"start":{"line":10,"column":55},"end":{"line":10,"column":78}}}},"branchMap":{"0":{"loc":{"start":{"line":10,"column":4},"end":{"line":12,"column":6}},"type":"if","locations":[{"start":{"line":10,"column":4},"end":{"line":12,"column":6}}]},"1":{"loc":{"start":{"line":17,"column":4},"end":{"line":17,"column":81}},"type":"if","locations":[{"start":{"line":17,"column":4},"end":{"line":17,"column":81}}]},"2":{"loc":{"start":{"line":18,"column":4},"end":{"line":18,"column":77}},"type":"if","locations":[{"start":{"line":18,"column":4},"end":{"line":18,"column":77}}]},"3":{"loc":{"start":{"line":19,"column":4},"end":{"line":19,"column":77}},"type":"if","locations":[{"start":{"line":19,"column":4},"end":{"line":19,"column":77}}]},"4":{"loc":{"start":{"line":20,"column":4},"end":{"line":20,"column":91}},"type":"if","locations":[{"start":{"line":20,"column":4},"end":{"line":20,"column":91}}]}},"s":{"0":5,"1":5,"2":5,"3":5,"4":6,"5":6,"6":21,"7":1,"8":5,"9":5,"10":5,"11":5,"12":5,"13":1,"14":4,"15":1,"16":3,"17":1,"18":2,"19":1,"20":1,"21":5},"f":{"0":6,"1":21},"b":{"0":[1],"1":[1],"2":[1],"3":[1],"4":[1]}}
,"C:\\Users\\ferna\\Desktop\\Growdev\\Trabalhos\\reminder-api\\src\\app\\features\\reminder\\validators\\middlewares\\validQueriesMiddleware.ts": {"path":"C:\\Users\\ferna\\Desktop\\Growdev\\Trabalhos\\reminder-api\\src\\app\\features\\reminder\\validators\\middlewares\\validQueriesMiddleware.ts","statementMap":{"0":{"start":{"line":5,"column":33},"end":{"line":5,"column":42}},"1":{"start":{"line":6,"column":4},"end":{"line":10,"column":6}},"2":{"start":{"line":7,"column":8},"end":{"line":9,"column":11}},"3":{"start":{"line":11,"column":4},"end":{"line":15,"column":6}},"4":{"start":{"line":12,"column":8},"end":{"line":14,"column":11}},"5":{"start":{"line":16,"column":4},"end":{"line":16,"column":11}},"6":{"start":{"line":3,"column":0},"end":{"line":3,"column":24}}},"fnMap":{"0":{"name":"validQueriesMiddleware","decl":{"start":{"line":3,"column":24},"end":{"line":3,"column":46}},"loc":{"start":{"line":4,"column":51},"end":{"line":17,"column":1}}}},"branchMap":{"0":{"loc":{"start":{"line":6,"column":4},"end":{"line":10,"column":6}},"type":"if","locations":[{"start":{"line":6,"column":4},"end":{"line":10,"column":6}}]},"1":{"loc":{"start":{"line":6,"column":8},"end":{"line":6,"column":67}},"type":"binary-expr","locations":[{"start":{"line":6,"column":8},"end":{"line":6,"column":34}},{"start":{"line":6,"column":38},"end":{"line":6,"column":67}}]},"2":{"loc":{"start":{"line":11,"column":4},"end":{"line":15,"column":6}},"type":"if","locations":[{"start":{"line":11,"column":4},"end":{"line":15,"column":6}}]},"3":{"loc":{"start":{"line":11,"column":8},"end":{"line":11,"column":62}},"type":"binary-expr","locations":[{"start":{"line":11,"column":8},"end":{"line":11,"column":27}},{"start":{"line":11,"column":31},"end":{"line":11,"column":62}}]}},"s":{"0":0,"1":0,"2":0,"3":0,"4":0,"5":0,"6":5},"f":{"0":0},"b":{"0":[0],"1":[0,0],"2":[0],"3":[0,0]}}
,"C:\\Users\\ferna\\Desktop\\Growdev\\Trabalhos\\reminder-api\\src\\app\\features\\reminder\\validators\\middlewares\\validReminderIdMiddleware.ts": {"path":"C:\\Users\\ferna\\Desktop\\Growdev\\Trabalhos\\reminder-api\\src\\app\\features\\reminder\\validators\\middlewares\\validReminderIdMiddleware.ts","statementMap":{"0":{"start":{"line":4,"column":0},"end":{"line":4,"column":81}},"1":{"start":{"line":8,"column":32},"end":{"line":8,"column":53}},"2":{"start":{"line":9,"column":30},"end":{"line":9,"column":49}},"3":{"start":{"line":10,"column":4},"end":{"line":10,"column":null}},"4":{"start":{"line":10,"column":68},"end":{"line":10,"column":null}},"5":{"start":{"line":11,"column":46},"end":{"line":11,"column":98}},"6":{"start":{"line":12,"column":4},"end":{"line":12,"column":151}},"7":{"start":{"line":12,"column":65},"end":{"line":12,"column":151}},"8":{"start":{"line":13,"column":4},"end":{"line":13,"column":39}},"9":{"start":{"line":14,"column":4},"end":{"line":14,"column":11}},"10":{"start":{"line":6,"column":0},"end":{"line":6,"column":30}}},"fnMap":{"0":{"name":"validReminderIdMiddleware","decl":{"start":{"line":6,"column":30},"end":{"line":6,"column":55}},"loc":{"start":{"line":7,"column":51},"end":{"line":15,"column":2}}}},"branchMap":{"0":{"loc":{"start":{"line":10,"column":4},"end":{"line":10,"column":null}},"type":"if","locations":[{"start":{"line":10,"column":4},"end":{"line":10,"column":null}}]},"1":{"loc":{"start":{"line":10,"column":8},"end":{"line":10,"column":66}},"type":"binary-expr","locations":[{"start":{"line":10,"column":8},"end":{"line":10,"column":38}},{"start":{"line":10,"column":42},"end":{"line":10,"column":66}}]},"2":{"loc":{"start":{"line":12,"column":4},"end":{"line":12,"column":151}},"type":"if","locations":[{"start":{"line":12,"column":4},"end":{"line":12,"column":151}}]},"3":{"loc":{"start":{"line":12,"column":7},"end":{"line":12,"column":63}},"type":"binary-expr","locations":[{"start":{"line":12,"column":7},"end":{"line":12,"column":16}},{"start":{"line":12,"column":20},"end":{"line":12,"column":63}}]}},"s":{"0":5,"1":0,"2":0,"3":0,"4":0,"5":0,"6":0,"7":0,"8":0,"9":0,"10":5},"f":{"0":0},"b":{"0":[0],"1":[0,0],"2":[0],"3":[0,0]}}
,"C:\\Users\\ferna\\Desktop\\Growdev\\Trabalhos\\reminder-api\\src\\app\\features\\reminder\\validators\\middlewares\\validUpdateReminderMiddleware.ts": {"path":"C:\\Users\\ferna\\Desktop\\Growdev\\Trabalhos\\reminder-api\\src\\app\\features\\reminder\\validators\\middlewares\\validUpdateReminderMiddleware.ts","statementMap":{"0":{"start":{"line":2,"column":0},"end":{"line":2,"column":51}},"1":{"start":{"line":3,"column":0},"end":{"line":3,"column":47}},"2":{"start":{"line":4,"column":0},"end":{"line":4,"column":47}},"3":{"start":{"line":5,"column":0},"end":{"line":5,"column":61}},"4":{"start":{"line":6,"column":0},"end":{"line":6,"column":79}},"5":{"start":{"line":10,"column":48},"end":{"line":10,"column":56}},"6":{"start":{"line":11,"column":41},"end":{"line":11,"column":107}},"7":{"start":{"line":11,"column":97},"end":{"line":11,"column":106}},"8":{"start":{"line":12,"column":4},"end":{"line":14,"column":6}},"9":{"start":{"line":13,"column":8},"end":{"line":13,"column":107}},"10":{"start":{"line":15,"column":4},"end":{"line":17,"column":6}},"11":{"start":{"line":15,"column":44},"end":{"line":15,"column":73}},"12":{"start":{"line":16,"column":8},"end":{"line":16,"column":91}},"13":{"start":{"line":19,"column":42},"end":{"line":19,"column":82}},"14":{"start":{"line":20,"column":40},"end":{"line":20,"column":74}},"15":{"start":{"line":21,"column":40},"end":{"line":21,"column":74}},"16":{"start":{"line":22,"column":47},"end":{"line":22,"column":102}},"17":{"start":{"line":24,"column":4},"end":{"line":24,"column":81}},"18":{"start":{"line":24,"column":28},"end":{"line":24,"column":81}},"19":{"start":{"line":25,"column":4},"end":{"line":25,"column":77}},"20":{"start":{"line":25,"column":26},"end":{"line":25,"column":77}},"21":{"start":{"line":26,"column":4},"end":{"line":26,"column":77}},"22":{"start":{"line":26,"column":26},"end":{"line":26,"column":77}},"23":{"start":{"line":27,"column":4},"end":{"line":27,"column":91}},"24":{"start":{"line":27,"column":33},"end":{"line":27,"column":91}},"25":{"start":{"line":28,"column":27},"end":{"line":33,"column":6}},"26":{"start":{"line":34,"column":4},"end":{"line":36,"column":6}},"27":{"start":{"line":35,"column":8},"end":{"line":35,"column":88}},"28":{"start":{"line":37,"column":4},"end":{"line":39,"column":6}},"29":{"start":{"line":38,"column":8},"end":{"line":38,"column":98}},"30":{"start":{"line":40,"column":4},"end":{"line":40,"column":46}},"31":{"start":{"line":41,"column":4},"end":{"line":41,"column":11}},"32":{"start":{"line":8,"column":0},"end":{"line":8,"column":24}}},"fnMap":{"0":{"name":"validUpdateReminderMiddleware","decl":{"start":{"line":8,"column":24},"end":{"line":8,"column":53}},"loc":{"start":{"line":9,"column":51},"end":{"line":42,"column":1}}},"1":{"name":"(anonymous_2)","decl":{"start":{"line":11,"column":82},"end":{"line":11,"column":83}},"loc":{"start":{"line":11,"column":97},"end":{"line":11,"column":106}}},"2":{"name":"(anonymous_3)","decl":{"start":{"line":15,"column":29},"end":{"line":15,"column":30}},"loc":{"start":{"line":15,"column":44},"end":{"line":15,"column":73}}}},"branchMap":{"0":{"loc":{"start":{"line":12,"column":4},"end":{"line":14,"column":6}},"type":"if","locations":[{"start":{"line":12,"column":4},"end":{"line":14,"column":6}}]},"1":{"loc":{"start":{"line":15,"column":4},"end":{"line":17,"column":6}},"type":"if","locations":[{"start":{"line":15,"column":4},"end":{"line":17,"column":6}}]},"2":{"loc":{"start":{"line":19,"column":42},"end":{"line":19,"column":82}},"type":"cond-expr","locations":[{"start":{"line":19,"column":51},"end":{"line":19,"column":75}},{"start":{"line":19,"column":78},"end":{"line":19,"column":82}}]},"3":{"loc":{"start":{"line":20,"column":40},"end":{"line":20,"column":74}},"type":"cond-expr","locations":[{"start":{"line":20,"column":47},"end":{"line":20,"column":67}},{"start":{"line":20,"column":70},"end":{"line":20,"column":74}}]},"4":{"loc":{"start":{"line":21,"column":40},"end":{"line":21,"column":74}},"type":"cond-expr","locations":[{"start":{"line":21,"column":47},"end":{"line":21,"column":67}},{"start":{"line":21,"column":70},"end":{"line":21,"column":74}}]},"5":{"loc":{"start":{"line":22,"column":47},"end":{"line":22,"column":102}},"type":"cond-expr","locations":[{"start":{"line":22,"column":61},"end":{"line":22,"column":95}},{"start":{"line":22,"column":98},"end":{"line":22,"column":102}}]},"6":{"loc":{"start":{"line":24,"column":4},"end":{"line":24,"column":81}},"type":"if","locations":[{"start":{"line":24,"column":4},"end":{"line":24,"column":81}}]},"7":{"loc":{"start":{"line":25,"column":4},"end":{"line":25,"column":77}},"type":"if","locations":[{"start":{"line":25,"column":4},"end":{"line":25,"column":77}}]},"8":{"loc":{"start":{"line":26,"column":4},"end":{"line":26,"column":77}},"type":"if","locations":[{"start":{"line":26,"column":4},"end":{"line":26,"column":77}}]},"9":{"loc":{"start":{"line":27,"column":4},"end":{"line":27,"column":91}},"type":"if","locations":[{"start":{"line":27,"column":4},"end":{"line":27,"column":91}}]},"10":{"loc":{"start":{"line":34,"column":4},"end":{"line":36,"column":6}},"type":"if","locations":[{"start":{"line":34,"column":4},"end":{"line":36,"column":6}}]},"11":{"loc":{"start":{"line":37,"column":4},"end":{"line":39,"column":6}},"type":"if","locations":[{"start":{"line":37,"column":4},"end":{"line":39,"column":6}}]}},"s":{"0":5,"1":5,"2":5,"3":5,"4":5,"5":0,"6":0,"7":0,"8":0,"9":0,"10":0,"11":0,"12":0,"13":0,"14":0,"15":0,"16":0,"17":0,"18":0,"19":0,"20":0,"21":0,"22":0,"23":0,"24":0,"25":0,"26":0,"27":0,"28":0,"29":0,"30":0,"31":0,"32":5},"f":{"0":0,"1":0,"2":0},"b":{"0":[0],"1":[0],"2":[0,0],"3":[0,0],"4":[0,0],"5":[0,0],"6":[0],"7":[0],"8":[0],"9":[0],"10":[0],"11":[0]}}
,"C:\\Users\\ferna\\Desktop\\Growdev\\Trabalhos\\reminder-api\\src\\app\\features\\user\\controllers\\createUserController.ts": {"path":"C:\\Users\\ferna\\Desktop\\Growdev\\Trabalhos\\reminder-api\\src\\app\\features\\user\\controllers\\createUserController.ts","statementMap":{"0":{"start":{"line":2,"column":0},"end":{"line":2,"column":48}},"1":{"start":{"line":5,"column":35},"end":{"line":5,"column":45}},"2":{"start":{"line":6,"column":4},"end":{"line":6,"column":41}},"3":{"start":{"line":7,"column":4},"end":{"line":7,"column":74}},"4":{"start":{"line":4,"column":0},"end":{"line":4,"column":30}}},"fnMap":{"0":{"name":"createUserController","decl":{"start":{"line":4,"column":30},"end":{"line":4,"column":50}},"loc":{"start":{"line":4,"column":80},"end":{"line":8,"column":2}}}},"branchMap":{},"s":{"0":5,"1":3,"2":3,"3":3,"4":5},"f":{"0":3},"b":{}}
,"C:\\Users\\ferna\\Desktop\\Growdev\\Trabalhos\\reminder-api\\src\\app\\features\\user\\controllers\\deleteUserController.ts": {"path":"C:\\Users\\ferna\\Desktop\\Growdev\\Trabalhos\\reminder-api\\src\\app\\features\\user\\controllers\\deleteUserController.ts","statementMap":{"0":{"start":{"line":3,"column":0},"end":{"line":3,"column":48}},"1":{"start":{"line":6,"column":43},"end":{"line":6,"column":68}},"2":{"start":{"line":7,"column":4},"end":{"line":7,"column":39}},"3":{"start":{"line":8,"column":4},"end":{"line":8,"column":77}},"4":{"start":{"line":5,"column":0},"end":{"line":5,"column":30}}},"fnMap":{"0":{"name":"deleteUserController","decl":{"start":{"line":5,"column":30},"end":{"line":5,"column":50}},"loc":{"start":{"line":5,"column":80},"end":{"line":9,"column":2}}}},"branchMap":{},"s":{"0":5,"1":1,"2":1,"3":1,"4":5},"f":{"0":1},"b":{}}
,"C:\\Users\\ferna\\Desktop\\Growdev\\Trabalhos\\reminder-api\\src\\app\\features\\user\\controllers\\getUserNameController.ts": {"path":"C:\\Users\\ferna\\Desktop\\Growdev\\Trabalhos\\reminder-api\\src\\app\\features\\user\\controllers\\getUserNameController.ts","statementMap":{"0":{"start":{"line":4,"column":4},"end":{"line":4,"column":81}},"1":{"start":{"line":3,"column":0},"end":{"line":3,"column":24}}},"fnMap":{"0":{"name":"getUserNameController","decl":{"start":{"line":3,"column":24},"end":{"line":3,"column":45}},"loc":{"start":{"line":3,"column":75},"end":{"line":5,"column":1}}}},"branchMap":{},"s":{"0":1,"1":5},"f":{"0":1},"b":{}}
,"C:\\Users\\ferna\\Desktop\\Growdev\\Trabalhos\\reminder-api\\src\\app\\features\\user\\repository\\userTypeOrmRepository.ts": {"path":"C:\\Users\\ferna\\Desktop\\Growdev\\Trabalhos\\reminder-api\\src\\app\\features\\user\\repository\\userTypeOrmRepository.ts","statementMap":{"0":{"start":{"line":2,"column":0},"end":{"line":2,"column":67}},"1":{"start":{"line":3,"column":0},"end":{"line":3,"column":61}},"2":{"start":{"line":11,"column":8},"end":{"line":11,"column":81}},"3":{"start":{"line":15,"column":8},"end":{"line":15,"column":77}},"4":{"start":{"line":19,"column":8},"end":{"line":19,"column":84}},"5":{"start":{"line":23,"column":8},"end":{"line":23,"column":29}},"6":{"start":{"line":27,"column":8},"end":{"line":27,"column":54}},"7":{"start":{"line":5,"column":0},"end":{"line":5,"column":13}},"8":{"start":{"line":31,"column":13},"end":{"line":31,"column":56}}},"fnMap":{"0":{"name":"(anonymous_7)","decl":{"start":{"line":8,"column":4},"end":{"line":8,"column":19}},"loc":{"start":{"line":8,"column":4},"end":{"line":8,"column":20}}},"1":{"name":"(anonymous_8)","decl":{"start":{"line":10,"column":4},"end":{"line":10,"column":17}},"loc":{"start":{"line":10,"column":17},"end":{"line":12,"column":5}}},"2":{"name":"(anonymous_9)","decl":{"start":{"line":14,"column":10},"end":{"line":14,"column":21}},"loc":{"start":{"line":14,"column":38},"end":{"line":16,"column":6}}},"3":{"name":"(anonymous_11)","decl":{"start":{"line":18,"column":10},"end":{"line":18,"column":27}},"loc":{"start":{"line":18,"column":45},"end":{"line":20,"column":6}}},"4":{"name":"(anonymous_13)","decl":{"start":{"line":22,"column":10},"end":{"line":22,"column":20}},"loc":{"start":{"line":22,"column":42},"end":{"line":24,"column":6}}},"5":{"name":"(anonymous_15)","decl":{"start":{"line":26,"column":10},"end":{"line":26,"column":20}},"loc":{"start":{"line":26,"column":46},"end":{"line":28,"column":6}}}},"branchMap":{},"s":{"0":12,"1":12,"2":5,"3":11,"4":18,"5":3,"6":1,"7":12,"8":12},"f":{"0":12,"1":5,"2":11,"3":18,"4":3,"5":1},"b":{}}
,"C:\\Users\\ferna\\Desktop\\Growdev\\Trabalhos\\reminder-api\\src\\app\\features\\user\\usecases\\createUser.ts": {"path":"C:\\Users\\ferna\\Desktop\\Growdev\\Trabalhos\\reminder-api\\src\\app\\features\\user\\usecases\\createUser.ts","statementMap":{"0":{"start":{"line":1,"column":0},"end":{"line":1,"column":67}},"1":{"start":{"line":2,"column":0},"end":{"line":2,"column":69}},"2":{"start":{"line":6,"column":34},"end":{"line":6,"column":51}},"3":{"start":{"line":7,"column":4},"end":{"line":7,"column":32}},"4":{"start":{"line":8,"column":4},"end":{"line":8,"column":32}},"5":{"start":{"line":9,"column":4},"end":{"line":9,"column":45}},"6":{"start":{"line":4,"column":0},"end":{"line":4,"column":30}}},"fnMap":{"0":{"name":"createUser","decl":{"start":{"line":4,"column":30},"end":{"line":4,"column":40}},"loc":{"start":{"line":5,"column":37},"end":{"line":10,"column":2}}}},"branchMap":{},"s":{"0":6,"1":6,"2":4,"3":4,"4":4,"5":4,"6":6},"f":{"0":4},"b":{}}
,"C:\\Users\\ferna\\Desktop\\Growdev\\Trabalhos\\reminder-api\\src\\app\\features\\user\\usecases\\deleteUser.ts": {"path":"C:\\Users\\ferna\\Desktop\\Growdev\\Trabalhos\\reminder-api\\src\\app\\features\\user\\usecases\\deleteUser.ts","statementMap":{"0":{"start":{"line":2,"column":0},"end":{"line":2,"column":69}},"1":{"start":{"line":5,"column":4},"end":{"line":5,"column":null}},"2":{"start":{"line":4,"column":0},"end":{"line":4,"column":30}}},"fnMap":{"0":{"name":"deleteUser","decl":{"start":{"line":4,"column":30},"end":{"line":4,"column":40}},"loc":{"start":{"line":4,"column":71},"end":{"line":6,"column":2}}}},"branchMap":{},"s":{"0":6,"1":2,"2":6},"f":{"0":2},"b":{}}
,"C:\\Users\\ferna\\Desktop\\Growdev\\Trabalhos\\reminder-api\\src\\app\\features\\user\\validators\\middlewares\\signUpValidMiddleware.ts": {"path":"C:\\Users\\ferna\\Desktop\\Growdev\\Trabalhos\\reminder-api\\src\\app\\features\\user\\validators\\middlewares\\signUpValidMiddleware.ts","statementMap":{"0":{"start":{"line":2,"column":0},"end":{"line":2,"column":84}},"1":{"start":{"line":3,"column":0},"end":{"line":3,"column":92}},"2":{"start":{"line":7,"column":33},"end":{"line":7,"column":43}},"3":{"start":{"line":8,"column":4},"end":{"line":10,"column":6}},"4":{"start":{"line":9,"column":8},"end":{"line":9,"column":null}},"5":{"start":{"line":11,"column":4},"end":{"line":11,"column":38}},"6":{"start":{"line":12,"column":25},"end":{"line":12,"column":63}},"7":{"start":{"line":13,"column":25},"end":{"line":13,"column":61}},"8":{"start":{"line":14,"column":4},"end":{"line":14,"column":85}},"9":{"start":{"line":14,"column":30},"end":{"line":14,"column":85}},"10":{"start":{"line":15,"column":4},"end":{"line":15,"column":85}},"11":{"start":{"line":15,"column":30},"end":{"line":15,"column":85}},"12":{"start":{"line":16,"column":4},"end":{"line":16,"column":11}},"13":{"start":{"line":5,"column":0},"end":{"line":5,"column":30}}},"fnMap":{"0":{"name":"signUpValidMiddleware","decl":{"start":{"line":5,"column":30},"end":{"line":5,"column":51}},"loc":{"start":{"line":6,"column":51},"end":{"line":17,"column":2}}}},"branchMap":{"0":{"loc":{"start":{"line":8,"column":4},"end":{"line":10,"column":6}},"type":"if","locations":[{"start":{"line":8,"column":4},"end":{"line":10,"column":6}}]},"1":{"loc":{"start":{"line":8,"column":8},"end":{"line":8,"column":68}},"type":"binary-expr","locations":[{"start":{"line":8,"column":8},"end":{"line":8,"column":36}},{"start":{"line":8,"column":40},"end":{"line":8,"column":68}}]},"2":{"loc":{"start":{"line":14,"column":4},"end":{"line":14,"column":85}},"type":"if","locations":[{"start":{"line":14,"column":4},"end":{"line":14,"column":85}}]},"3":{"loc":{"start":{"line":15,"column":4},"end":{"line":15,"column":85}},"type":"if","locations":[{"start":{"line":15,"column":4},"end":{"line":15,"column":85}}]}},"s":{"0":5,"1":5,"2":13,"3":13,"4":0,"5":13,"6":13,"7":13,"8":13,"9":6,"10":7,"11":4,"12":3,"13":5},"f":{"0":13},"b":{"0":[0],"1":[13,13],"2":[6],"3":[4]}}
,"C:\\Users\\ferna\\Desktop\\Growdev\\Trabalhos\\reminder-api\\src\\app\\features\\user\\validators\\newAccountValidation\\passwordValidationCreation.ts": {"path":"C:\\Users\\ferna\\Desktop\\Growdev\\Trabalhos\\reminder-api\\src\\app\\features\\user\\validators\\newAccountValidation\\passwordValidationCreation.ts","statementMap":{"0":{"start":{"line":2,"column":40},"end":{"line":2,"column":44}},"1":{"start":{"line":3,"column":25},"end":{"line":3,"column":30}},"2":{"start":{"line":4,"column":31},"end":{"line":4,"column":81}},"3":{"start":{"line":5,"column":31},"end":{"line":5,"column":161}},"4":{"start":{"line":6,"column":4},"end":{"line":8,"column":6}},"5":{"start":{"line":7,"column":8},"end":{"line":7,"column":63}},"6":{"start":{"line":9,"column":4},"end":{"line":11,"column":null}},"7":{"start":{"line":10,"column":8},"end":{"line":10,"column":62}},"8":{"start":{"line":12,"column":4},"end":{"line":16,"column":null}},"9":{"start":{"line":12,"column":17},"end":{"line":12,"column":18}},"10":{"start":{"line":13,"column":8},"end":{"line":15,"column":null}},"11":{"start":{"line":14,"column":12},"end":{"line":14,"column":24}},"12":{"start":{"line":17,"column":4},"end":{"line":19,"column":null}},"13":{"start":{"line":18,"column":8},"end":{"line":18,"column":63}},"14":{"start":{"line":20,"column":4},"end":{"line":20,"column":17}},"15":{"start":{"line":21,"column":4},"end":{"line":25,"column":null}},"16":{"start":{"line":21,"column":17},"end":{"line":21,"column":18}},"17":{"start":{"line":22,"column":8},"end":{"line":24,"column":null}},"18":{"start":{"line":23,"column":12},"end":{"line":23,"column":24}},"19":{"start":{"line":26,"column":4},"end":{"line":28,"column":null}},"20":{"start":{"line":27,"column":8},"end":{"line":27,"column":63}},"21":{"start":{"line":29,"column":4},"end":{"line":29,"column":22}},"22":{"start":{"line":1,"column":0},"end":{"line":1,"column":24}}},"fnMap":{"0":{"name":"passwordValidation","decl":{"start":{"line":1,"column":24},"end":{"line":1,"column":42}},"loc":{"start":{"line":1,"column":60},"end":{"line":30,"column":1}}}},"branchMap":{"0":{"loc":{"start":{"line":6,"column":4},"end":{"line":8,"column":6}},"type":"if","locations":[{"start":{"line":6,"column":4},"end":{"line":8,"column":6}}]},"1":{"loc":{"start":{"line":9,"column":4},"end":{"line":11,"column":null}},"type":"if","locations":[{"start":{"line":9,"column":4},"end":{"line":11,"column":null}}]},"2":{"loc":{"start":{"line":13,"column":8},"end":{"line":15,"column":null}},"type":"if","locations":[{"start":{"line":13,"column":8},"end":{"line":15,"column":null}}]},"3":{"loc":{"start":{"line":17,"column":4},"end":{"line":19,"column":null}},"type":"if","locations":[{"start":{"line":17,"column":4},"end":{"line":19,"column":null}}]},"4":{"loc":{"start":{"line":22,"column":8},"end":{"line":24,"column":null}},"type":"if","locations":[{"start":{"line":22,"column":8},"end":{"line":24,"column":null}}]},"5":{"loc":{"start":{"line":26,"column":4},"end":{"line":28,"column":null}},"type":"if","locations":[{"start":{"line":26,"column":4},"end":{"line":28,"column":null}}]}},"s":{"0":13,"1":13,"2":13,"3":13,"4":13,"5":2,"6":13,"7":1,"8":13,"9":13,"10":130,"11":32,"12":13,"13":1,"14":13,"15":13,"16":13,"17":338,"18":21,"19":13,"20":1,"21":13,"22":5},"f":{"0":13},"b":{"0":[2],"1":[1],"2":[32],"3":[1],"4":[21],"5":[1]}}
,"C:\\Users\\ferna\\Desktop\\Growdev\\Trabalhos\\reminder-api\\src\\app\\features\\user\\validators\\newAccountValidation\\userValidationCreation.ts": {"path":"C:\\Users\\ferna\\Desktop\\Growdev\\Trabalhos\\reminder-api\\src\\app\\features\\user\\validators\\newAccountValidation\\userValidationCreation.ts","statementMap":{"0":{"start":{"line":1,"column":0},"end":{"line":1,"column":72}},"1":{"start":{"line":4,"column":40},"end":{"line":4,"column":44}},"2":{"start":{"line":5,"column":4},"end":{"line":5,"column":93}},"3":{"start":{"line":5,"column":36},"end":{"line":5,"column":92}},"4":{"start":{"line":6,"column":4},"end":{"line":6,"column":93}},"5":{"start":{"line":6,"column":37},"end":{"line":6,"column":92}},"6":{"start":{"line":7,"column":26},"end":{"line":7,"column":79}},"7":{"start":{"line":8,"column":4},"end":{"line":10,"column":6}},"8":{"start":{"line":9,"column":8},"end":{"line":9,"column":45}},"9":{"start":{"line":11,"column":4},"end":{"line":11,"column":22}},"10":{"start":{"line":3,"column":0},"end":{"line":3,"column":30}}},"fnMap":{"0":{"name":"userValidation","decl":{"start":{"line":3,"column":30},"end":{"line":3,"column":44}},"loc":{"start":{"line":3,"column":67},"end":{"line":12,"column":2}}}},"branchMap":{"0":{"loc":{"start":{"line":5,"column":4},"end":{"line":5,"column":93}},"type":"if","locations":[{"start":{"line":5,"column":4},"end":{"line":5,"column":93}}]},"1":{"loc":{"start":{"line":6,"column":4},"end":{"line":6,"column":93}},"type":"if","locations":[{"start":{"line":6,"column":4},"end":{"line":6,"column":93}}]},"2":{"loc":{"start":{"line":8,"column":4},"end":{"line":10,"column":6}},"type":"if","locations":[{"start":{"line":8,"column":4},"end":{"line":10,"column":6}}]}},"s":{"0":5,"1":13,"2":13,"3":1,"4":13,"5":1,"6":13,"7":13,"8":4,"9":13,"10":5},"f":{"0":13},"b":{"0":[1],"1":[1],"2":[4]}}
,"C:\\Users\\ferna\\Desktop\\Growdev\\Trabalhos\\reminder-api\\src\\app\\models\\Reminder.ts": {"path":"C:\\Users\\ferna\\Desktop\\Growdev\\Trabalhos\\reminder-api\\src\\app\\models\\Reminder.ts","statementMap":{"0":{"start":{"line":9,"column":8},"end":{"line":9,"column":40}},"1":{"start":{"line":10,"column":8},"end":{"line":10,"column":36}},"2":{"start":{"line":11,"column":8},"end":{"line":11,"column":36}},"3":{"start":{"line":12,"column":8},"end":{"line":12,"column":50}},"4":{"start":{"line":13,"column":8},"end":{"line":13,"column":32}},"5":{"start":{"line":14,"column":8},"end":{"line":14,"column":44}},"6":{"start":{"line":17,"column":8},"end":{"line":17,"column":23}},"7":{"start":{"line":20,"column":8},"end":{"line":20,"column":27}},"8":{"start":{"line":23,"column":8},"end":{"line":23,"column":25}},"9":{"start":{"line":26,"column":8},"end":{"line":26,"column":25}},"10":{"start":{"line":29,"column":8},"end":{"line":29,"column":32}},"11":{"start":{"line":32,"column":8},"end":{"line":32,"column":29}},"12":{"start":{"line":35,"column":8},"end":{"line":35,"column":53}},"13":{"start":{"line":1,"column":0},"end":{"line":1,"column":21}}},"fnMap":{"0":{"name":"(anonymous_0)","decl":{"start":{"line":8,"column":4},"end":{"line":8,"column":16}},"loc":{"start":{"line":8,"column":31},"end":{"line":15,"column":5}}},"1":{"name":"(anonymous_1)","decl":{"start":{"line":16,"column":4},"end":{"line":16,"column":17}},"loc":{"start":{"line":16,"column":17},"end":{"line":18,"column":5}}},"2":{"name":"(anonymous_2)","decl":{"start":{"line":19,"column":4},"end":{"line":19,"column":13}},"loc":{"start":{"line":19,"column":13},"end":{"line":21,"column":5}}},"3":{"name":"(anonymous_3)","decl":{"start":{"line":22,"column":4},"end":{"line":22,"column":11}},"loc":{"start":{"line":22,"column":11},"end":{"line":24,"column":5}}},"4":{"name":"(anonymous_4)","decl":{"start":{"line":25,"column":4},"end":{"line":25,"column":11}},"loc":{"start":{"line":25,"column":11},"end":{"line":27,"column":5}}},"5":{"name":"(anonymous_5)","decl":{"start":{"line":28,"column":4},"end":{"line":28,"column":18}},"loc":{"start":{"line":28,"column":18},"end":{"line":30,"column":5}}},"6":{"name":"(anonymous_6)","decl":{"start":{"line":31,"column":4},"end":{"line":31,"column":21}},"loc":{"start":{"line":31,"column":21},"end":{"line":33,"column":5}}},"7":{"name":"(anonymous_7)","decl":{"start":{"line":34,"column":4},"end":{"line":34,"column":24}},"loc":{"start":{"line":34,"column":24},"end":{"line":36,"column":5}}}},"branchMap":{"0":{"loc":{"start":{"line":35,"column":24},"end":{"line":35,"column":52}},"type":"cond-expr","locations":[{"start":{"line":35,"column":40},"end":{"line":35,"column":45}},{"start":{"line":35,"column":48},"end":{"line":35,"column":52}}]}},"s":{"0":3,"1":3,"2":3,"3":3,"4":3,"5":3,"6":0,"7":5,"8":0,"9":0,"10":5,"11":8,"12":0,"13":12},"f":{"0":3,"1":0,"2":5,"3":0,"4":0,"5":5,"6":8,"7":0},"b":{"0":[0,0]}}
,"C:\\Users\\ferna\\Desktop\\Growdev\\Trabalhos\\reminder-api\\src\\app\\models\\User.ts": {"path":"C:\\Users\\ferna\\Desktop\\Growdev\\Trabalhos\\reminder-api\\src\\app\\models\\User.ts","statementMap":{"0":{"start":{"line":7,"column":8},"end":{"line":7,"column":40}},"1":{"start":{"line":8,"column":8},"end":{"line":8,"column":40}},"2":{"start":{"line":9,"column":8},"end":{"line":9,"column":28}},"3":{"start":{"line":12,"column":8},"end":{"line":12,"column":23}},"4":{"start":{"line":15,"column":8},"end":{"line":15,"column":29}},"5":{"start":{"line":18,"column":8},"end":{"line":18,"column":29}},"6":{"start":{"line":2,"column":0},"end":{"line":2,"column":21}}},"fnMap":{"0":{"name":"(anonymous_0)","decl":{"start":{"line":6,"column":4},"end":{"line":6,"column":16}},"loc":{"start":{"line":6,"column":28},"end":{"line":10,"column":5}}},"1":{"name":"(anonymous_1)","decl":{"start":{"line":11,"column":4},"end":{"line":11,"column":13}},"loc":{"start":{"line":11,"column":13},"end":{"line":13,"column":5}}},"2":{"name":"(anonymous_2)","decl":{"start":{"line":14,"column":4},"end":{"line":14,"column":15}},"loc":{"start":{"line":14,"column":15},"end":{"line":16,"column":5}}},"3":{"name":"(anonymous_3)","decl":{"start":{"line":17,"column":4},"end":{"line":17,"column":15}},"loc":{"start":{"line":17,"column":15},"end":{"line":19,"column":5}}}},"branchMap":{},"s":{"0":13,"1":13,"2":13,"3":6,"4":1,"5":0,"6":6},"f":{"0":13,"1":6,"2":1,"3":0},"b":{}}
,"C:\\Users\\ferna\\Desktop\\Growdev\\Trabalhos\\reminder-api\\src\\app\\shared\\entities\\remindersEntity.ts": {"path":"C:\\Users\\ferna\\Desktop\\Growdev\\Trabalhos\\reminder-api\\src\\app\\shared\\entities\\remindersEntity.ts","statementMap":{"0":{"start":{"line":1,"column":0},"end":{"line":1,"column":90}},"1":{"start":{"line":2,"column":0},"end":{"line":2,"column":44}},"2":{"start":{"line":5,"column":0},"end":{"line":36,"column":2}},"3":{"start":{"line":10,"column":4},"end":{"line":10,"column":24}},"4":{"start":{"line":13,"column":4},"end":{"line":13,"column":22}},"5":{"start":{"line":16,"column":4},"end":{"line":16,"column":22}},"6":{"start":{"line":19,"column":4},"end":{"line":19,"column":null}},"7":{"start":{"line":22,"column":4},"end":{"line":22,"column":30}},"8":{"start":{"line":31,"column":4},"end":{"line":31,"column":25}},"9":{"start":{"line":7,"column":4},"end":{"line":7,"column":null}},"10":{"start":{"line":10,"column":4},"end":{"line":10,"column":null}},"11":{"start":{"line":13,"column":4},"end":{"line":13,"column":null}},"12":{"start":{"line":16,"column":4},"end":{"line":16,"column":null}},"13":{"start":{"line":22,"column":4},"end":{"line":22,"column":null}},"14":{"start":{"line":25,"column":4},"end":{"line":25,"column":null}},"15":{"start":{"line":28,"column":4},"end":{"line":28,"column":null}},"16":{"start":{"line":31,"column":4},"end":{"line":31,"column":null}},"17":{"start":{"line":35,"column":4},"end":{"line":35,"column":null}},"18":{"start":{"line":33,"column":20},"end":{"line":33,"column":31}},"19":{"start":{"line":5,"column":13},"end":{"line":36,"column":2}},"20":{"start":{"line":5,"column":13},"end":{"line":5,"column":28}}},"fnMap":{"0":{"name":"(anonymous_2)","decl":{"start":{"line":5,"column":0},"end":{"line":5,"column":13}},"loc":{"start":{"line":5,"column":0},"end":{"line":36,"column":1}}},"1":{"name":"(anonymous_3)","decl":{"start":{"line":33,"column":14},"end":{"line":33,"column":17}},"loc":{"start":{"line":33,"column":20},"end":{"line":33,"column":31}}}},"branchMap":{},"s":{"0":12,"1":12,"2":12,"3":11,"4":11,"5":11,"6":23,"7":11,"8":11,"9":12,"10":12,"11":12,"12":12,"13":12,"14":12,"15":12,"16":12,"17":12,"18":5,"19":12,"20":12},"f":{"0":11,"1":5},"b":{}}
,"C:\\Users\\ferna\\Desktop\\Growdev\\Trabalhos\\reminder-api\\src\\app\\shared\\entities\\usersEntity.ts": {"path":"C:\\Users\\ferna\\Desktop\\Growdev\\Trabalhos\\reminder-api\\src\\app\\shared\\entities\\usersEntity.ts","statementMap":{"0":{"start":{"line":1,"column":0},"end":{"line":1,"column":68}},"1":{"start":{"line":4,"column":0},"end":{"line":16,"column":2}},"2":{"start":{"line":9,"column":4},"end":{"line":9,"column":26}},"3":{"start":{"line":12,"column":4},"end":{"line":12,"column":26}},"4":{"start":{"line":6,"column":4},"end":{"line":6,"column":null}},"5":{"start":{"line":9,"column":4},"end":{"line":9,"column":null}},"6":{"start":{"line":12,"column":4},"end":{"line":12,"column":null}},"7":{"start":{"line":15,"column":4},"end":{"line":15,"column":null}},"8":{"start":{"line":4,"column":13},"end":{"line":16,"column":2}},"9":{"start":{"line":4,"column":13},"end":{"line":4,"column":24}}},"fnMap":{"0":{"name":"(anonymous_2)","decl":{"start":{"line":4,"column":0},"end":{"line":4,"column":13}},"loc":{"start":{"line":4,"column":0},"end":{"line":16,"column":1}}}},"branchMap":{},"s":{"0":12,"1":12,"2":29,"3":29,"4":12,"5":12,"6":12,"7":12,"8":12,"9":12},"f":{"0":29},"b":{}}
,"C:\\Users\\ferna\\Desktop\\Growdev\\Trabalhos\\reminder-api\\src\\app\\shared\\helpers\\initialUpperLetter.ts": {"path":"C:\\Users\\ferna\\Desktop\\Growdev\\Trabalhos\\reminder-api\\src\\app\\shared\\helpers\\initialUpperLetter.ts","statementMap":{"0":{"start":{"line":2,"column":4},"end":{"line":2,"column":30}},"1":{"start":{"line":3,"column":22},"end":{"line":3,"column":42}},"2":{"start":{"line":4,"column":4},"end":{"line":4,"column":66}},"3":{"start":{"line":1,"column":0},"end":{"line":1,"column":24}}},"fnMap":{"0":{"name":"initialUpperLetter","decl":{"start":{"line":1,"column":24},"end":{"line":1,"column":42}},"loc":{"start":{"line":1,"column":56},"end":{"line":5,"column":1}}}},"branchMap":{},"s":{"0":4,"1":4,"2":4,"3":6},"f":{"0":4},"b":{}}
,"C:\\Users\\ferna\\Desktop\\Growdev\\Trabalhos\\reminder-api\\src\\app\\shared\\helpers\\pg-helper.ts": {"path":"C:\\Users\\ferna\\Desktop\\Growdev\\Trabalhos\\reminder-api\\src\\app\\shared\\helpers\\pg-helper.ts","statementMap":{"0":{"start":{"line":2,"column":0},"end":{"line":2,"column":60}},"1":{"start":{"line":3,"column":0},"end":{"line":3,"column":68}},"2":{"start":{"line":4,"column":0},"end":{"line":4,"column":99}},"3":{"start":{"line":5,"column":0},"end":{"line":5,"column":86}},"4":{"start":{"line":8,"column":13},"end":{"line":22,"column":2}},"5":{"start":{"line":11,"column":8},"end":{"line":13,"column":21}},"6":{"start":{"line":14,"column":8},"end":{"line":14,"column":39}},"7":{"start":{"line":15,"column":8},"end":{"line":15,"column":43}},"8":{"start":{"line":16,"column":8},"end":{"line":16,"column":39}},"9":{"start":{"line":19,"column":8},"end":{"line":19,"column":36}},"10":{"start":{"line":20,"column":8},"end":{"line":20,"column":34}}},"fnMap":{"0":{"name":"(anonymous_7)","decl":{"start":{"line":10,"column":10},"end":{"line":10,"column":17}},"loc":{"start":{"line":10,"column":37},"end":{"line":17,"column":null}}},"1":{"name":"(anonymous_9)","decl":{"start":{"line":18,"column":10},"end":{"line":18,"column":20}},"loc":{"start":{"line":18,"column":20},"end":{"line":21,"column":null}}}},"branchMap":{"0":{"loc":{"start":{"line":11,"column":22},"end":{"line":13,"column":20}},"type":"cond-expr","locations":[{"start":{"line":12,"column":10},"end":{"line":12,"column":24}},{"start":{"line":13,"column":10},"end":{"line":13,"column":20}}]}},"s":{"0":12,"1":12,"2":12,"3":12,"4":12,"5":5,"6":5,"7":5,"8":5,"9":5,"10":5},"f":{"0":5,"1":5},"b":{"0":[5,0]}}
}
