TN:
SF:src\app\envs\env.ts
FNF:0
FNH:0
DA:1,13
DA:2,13
DA:7,13
LF:3
LH:3
BRF:0
BRH:0
end_of_record
TN:
SF:src\app\features\auth\controllers\loginController.ts
FN:5,loginController
FNF:1
FNH:1
FNDA:4,loginController
DA:2,5
DA:5,5
DA:6,4
DA:7,4
DA:8,4
LF:5
LH:5
BRF:0
BRH:0
end_of_record
TN:
SF:src\app\features\auth\usecases\generateNewToken.ts
FN:4,generateNewTokenMiddleware
FNF:1
FNH:1
FNDA:5,generateNewTokenMiddleware
DA:1,6
DA:2,6
DA:4,6
DA:5,5
DA:7,5
LF:5
LH:5
BRF:0
BRH:0
end_of_record
TN:
SF:src\app\features\auth\validators\middlewares\authTokenMiddleware.ts
FN:8,authTokenMiddleware
FN:14,(anonymous_10)
FN:14,(anonymous_11)
FNF:3
FNH:3
FNDA:14,authTokenMiddleware
FNDA:11,(anonymous_10)
FNDA:11,(anonymous_11)
DA:3,5
DA:4,5
DA:5,5
DA:6,5
DA:8,5
DA:10,14
DA:11,14
DA:12,14
DA:13,14
DA:14,11
DA:15,11
DA:16,11
DA:17,11
DA:18,11
DA:19,8
DA:20,8
DA:23,11
DA:25,11
DA:26,8
LF:19
LH:19
BRDA:11,0,0,14
BRDA:11,0,1,11
BRDA:13,1,0,3
BRDA:15,2,0,0
BRDA:16,3,0,11
BRDA:18,4,0,8
BRDA:23,5,0,3
BRDA:25,6,0,3
BRF:8
BRH:7
end_of_record
TN:
SF:src\app\features\auth\validators\middlewares\loginAuthMiddleware.ts
FN:5,loginAuthMiddleware
FNF:1
FNH:1
FNDA:5,loginAuthMiddleware
DA:2,5
DA:3,5
DA:5,5
DA:7,5
DA:8,5
DA:9,0
DA:11,5
DA:12,5
DA:13,1
DA:15,4
DA:16,4
LF:11
LH:10
BRDA:8,0,0,0
BRDA:8,1,0,5
BRDA:8,1,1,5
BRDA:12,2,0,1
BRDA:12,3,0,5
BRDA:12,3,1,4
BRF:6
BRH:5
end_of_record
TN:
SF:src\app\features\reminder\controllers\archiveReminderController.ts
FN:5,archiveReminderController
FNF:1
FNH:0
FNDA:0,archiveReminderController
DA:3,5
DA:5,5
DA:6,0
DA:7,0
DA:8,0
LF:5
LH:2
BRF:0
BRH:0
end_of_record
TN:
SF:src\app\features\reminder\controllers\createReminderController.ts
FN:4,createReminderController
FNF:1
FNH:1
FNDA:1,createReminderController
DA:2,5
DA:4,5
DA:5,1
DA:6,1
LF:4
LH:4
BRF:0
BRH:0
end_of_record
TN:
SF:src\app\features\reminder\controllers\deleteReminderController.ts
FN:5,deleteReminderController
FNF:1
FNH:0
FNDA:0,deleteReminderController
DA:3,5
DA:5,5
DA:6,0
DA:7,0
DA:8,0
LF:5
LH:2
BRF:0
BRH:0
end_of_record
TN:
SF:src\app\features\reminder\controllers\getRemindersController.ts
FN:7,getRemindersController
FNF:1
FNH:0
FNDA:0,getRemindersController
DA:4,5
DA:7,5
DA:8,0
DA:9,0
DA:10,0
DA:15,0
DA:16,0
LF:7
LH:2
BRF:0
BRH:0
end_of_record
TN:
SF:src\app\features\reminder\controllers\updateReminderController.ts
FN:6,updateReminderController
FNF:1
FNH:0
FNDA:0,updateReminderController
DA:4,5
DA:6,5
DA:7,0
DA:8,0
DA:9,0
DA:10,0
LF:6
LH:2
BRF:0
BRH:0
end_of_record
TN:
SF:src\app\features\reminder\repository\remindersTypeOrmRepository.ts
FN:9,(anonymous_8)
FN:12,(anonymous_9)
FN:16,(anonymous_10)
FN:20,(anonymous_12)
FN:23,(anonymous_13)
FN:29,(anonymous_15)
FN:33,(anonymous_17)
FNF:7
FNH:3
FNDA:12,(anonymous_8)
FNDA:5,(anonymous_9)
FNDA:0,(anonymous_10)
FNDA:0,(anonymous_12)
FNDA:0,(anonymous_13)
FNDA:1,(anonymous_15)
FNDA:0,(anonymous_17)
DA:2,12
DA:3,12
DA:4,12
DA:6,12
DA:13,5
DA:17,0
DA:20,0
DA:24,0
DA:30,1
DA:34,0
DA:38,12
LF:11
LH:7
BRF:0
BRH:0
end_of_record
TN:
SF:src\app\features\reminder\usecases\changeArchiveStatus.ts
FN:4,changeArchiveStatus
FNF:1
FNH:1
FNDA:2,changeArchiveStatus
DA:2,6
DA:4,6
DA:6,2
DA:7,1
DA:8,1
DA:9,1
DA:11,1
DA:12,1
DA:13,1
LF:9
LH:9
BRDA:6,0,0,1
BRF:1
BRH:1
end_of_record
TN:
SF:src\app\features\reminder\usecases\createReminder.ts
FN:6,createReminder
FNF:1
FNH:1
FNDA:2,createReminder
DA:2,6
DA:3,6
DA:4,6
DA:6,6
DA:7,2
DA:8,2
DA:9,2
DA:10,2
DA:11,2
DA:12,2
DA:13,2
DA:14,2
LF:12
LH:12
BRF:0
BRH:0
end_of_record
TN:
SF:src\app\features\reminder\usecases\deleteReminder.ts
FN:4,deleteReminder
FNF:1
FNH:1
FNDA:1,deleteReminder
DA:2,6
DA:4,6
DA:5,1
LF:3
LH:3
BRF:0
BRH:0
end_of_record
TN:
SF:src\app\features\reminder\usecases\getUserReminders.ts
FN:5,getUserReminders
FN:9,(anonymous_9)
FN:13,(anonymous_10)
FNF:3
FNH:3
FNDA:4,getUserReminders
FNDA:6,(anonymous_9)
FNDA:3,(anonymous_10)
DA:2,6
DA:5,6
DA:7,4
DA:8,4
DA:9,6
DA:11,4
DA:12,1
DA:13,1
DA:14,3
DA:15,0
DA:17,3
DA:18,2
DA:22,4
LF:13
LH:12
BRDA:8,0,0,2
BRDA:11,1,0,1
BRDA:14,2,0,0
BRDA:14,2,1,3
BRDA:17,3,0,2
BRF:5
BRH:4
end_of_record
TN:
SF:src\app\features\reminder\usecases\updateReminder.ts
FN:5,updateReminder
FNF:1
FNH:1
FNDA:1,updateReminder
DA:3,6
DA:5,6
DA:7,1
DA:8,1
DA:9,1
DA:10,1
DA:11,1
LF:7
LH:7
BRDA:7,0,0,1
BRDA:7,0,1,0
BRDA:8,1,0,0
BRDA:8,1,1,1
BRDA:9,2,0,1
BRDA:9,2,1,0
BRDA:10,3,0,0
BRDA:10,3,1,1
BRF:8
BRH:4
end_of_record
TN:
SF:src\app\features\reminder\validators\actionValidation.ts
FN:1,actionValidation
FNF:1
FNH:1
FNDA:5,actionValidation
DA:1,5
DA:2,5
DA:3,1
DA:5,4
LF:4
LH:4
BRDA:2,0,0,1
BRDA:2,1,0,5
BRDA:2,1,1,4
BRF:3
BRH:3
end_of_record
TN:
SF:src\app\features\reminder\validators\dateValidation.ts
FN:1,dateValidation
FNF:1
FNH:1
FNDA:5,dateValidation
DA:1,5
DA:2,5
DA:3,5
DA:4,1
DA:6,4
DA:7,4
DA:8,4
DA:9,4
DA:10,0
DA:12,4
DA:13,0
DA:15,4
DA:16,0
DA:18,4
DA:19,0
DA:21,4
DA:22,0
DA:24,4
LF:18
LH:13
BRDA:3,0,0,1
BRDA:9,1,0,0
BRDA:9,2,0,4
BRDA:9,2,1,4
BRDA:9,2,2,4
BRDA:12,3,0,0
BRDA:12,3,1,4
BRDA:12,4,0,4
BRDA:12,4,1,4
BRDA:15,5,0,0
BRDA:15,5,1,4
BRDA:15,6,0,4
BRDA:15,6,1,4
BRDA:18,7,0,0
BRDA:18,7,1,4
BRDA:18,8,0,4
BRDA:18,8,1,4
BRDA:21,9,0,0
BRDA:21,10,0,4
BRDA:21,10,1,4
BRF:20
BRH:15
end_of_record
TN:
SF:src\app\features\reminder\validators\descriptionValidation.ts
FN:1,descriptionValidation
FNF:1
FNH:1
FNDA:5,descriptionValidation
DA:1,5
DA:2,5
DA:3,1
DA:5,4
LF:4
LH:4
BRDA:2,0,0,1
BRDA:2,1,0,5
BRDA:2,1,1,5
BRF:3
BRH:3
end_of_record
TN:
SF:src\app\features\reminder\validators\timeValidation.ts
FN:1,timeValidation
FNF:1
FNH:1
FNDA:5,timeValidation
DA:1,5
DA:2,5
DA:3,5
DA:4,1
DA:6,4
DA:7,4
DA:8,4
DA:9,0
DA:11,4
DA:12,0
DA:14,4
DA:15,0
DA:17,4
DA:18,0
DA:20,4
LF:15
LH:11
BRDA:3,0,0,1
BRDA:8,1,0,0
BRDA:8,2,0,4
BRDA:8,2,1,4
BRDA:11,3,0,0
BRDA:11,3,1,4
BRDA:11,4,0,4
BRDA:11,4,1,4
BRDA:14,5,0,0
BRDA:14,5,1,4
BRDA:14,6,0,4
BRDA:14,6,1,4
BRDA:17,7,0,0
BRF:13
BRH:9
end_of_record
TN:
SF:src\app\features\reminder\validators\middlewares\validNewReminderMiddleware.ts
FN:7,validNewReminderMiddleware
FN:10,(anonymous_2)
FNF:2
FNH:2
FNDA:6,validNewReminderMiddleware
FNDA:21,(anonymous_2)
DA:2,5
DA:3,5
DA:4,5
DA:5,5
DA:7,5
DA:9,6
DA:10,21
DA:11,1
DA:13,5
DA:14,5
DA:15,5
DA:16,5
DA:17,5
DA:18,4
DA:19,3
DA:20,2
DA:21,1
LF:17
LH:17
BRDA:10,0,0,1
BRDA:17,1,0,1
BRDA:18,2,0,1
BRDA:19,3,0,1
BRDA:20,4,0,1
BRF:5
BRH:5
end_of_record
TN:
SF:src\app\features\reminder\validators\middlewares\validQueriesMiddleware.ts
FN:3,validQueriesMiddleware
FNF:1
FNH:0
FNDA:0,validQueriesMiddleware
DA:3,5
DA:5,0
DA:6,0
DA:7,0
DA:11,0
DA:12,0
DA:16,0
LF:7
LH:1
BRDA:6,0,0,0
BRDA:6,1,0,0
BRDA:6,1,1,0
BRDA:11,2,0,0
BRDA:11,3,0,0
BRDA:11,3,1,0
BRF:6
BRH:0
end_of_record
TN:
SF:src\app\features\reminder\validators\middlewares\validReminderIdMiddleware.ts
FN:6,validReminderIdMiddleware
FNF:1
FNH:0
FNDA:0,validReminderIdMiddleware
DA:4,5
DA:6,5
DA:8,0
DA:9,0
DA:10,0
DA:11,0
DA:12,0
DA:13,0
DA:14,0
LF:9
LH:2
BRDA:10,0,0,0
BRDA:10,1,0,0
BRDA:10,1,1,0
BRDA:12,2,0,0
BRDA:12,3,0,0
BRDA:12,3,1,0
BRF:6
BRH:0
end_of_record
TN:
SF:src\app\features\reminder\validators\middlewares\validUpdateReminderMiddleware.ts
FN:8,validUpdateReminderMiddleware
FN:11,(anonymous_2)
FN:15,(anonymous_3)
FNF:3
FNH:0
FNDA:0,validUpdateReminderMiddleware
FNDA:0,(anonymous_2)
FNDA:0,(anonymous_3)
DA:2,5
DA:3,5
DA:4,5
DA:5,5
DA:6,5
DA:8,5
DA:10,0
DA:11,0
DA:12,0
DA:13,0
DA:15,0
DA:16,0
DA:19,0
DA:20,0
DA:21,0
DA:22,0
DA:24,0
DA:25,0
DA:26,0
DA:27,0
DA:28,0
DA:34,0
DA:35,0
DA:37,0
DA:38,0
DA:40,0
DA:41,0
LF:27
LH:6
BRDA:12,0,0,0
BRDA:15,1,0,0
BRDA:19,2,0,0
BRDA:19,2,1,0
BRDA:20,3,0,0
BRDA:20,3,1,0
BRDA:21,4,0,0
BRDA:21,4,1,0
BRDA:22,5,0,0
BRDA:22,5,1,0
BRDA:24,6,0,0
BRDA:25,7,0,0
BRDA:26,8,0,0
BRDA:27,9,0,0
BRDA:34,10,0,0
BRDA:37,11,0,0
BRF:16
BRH:0
end_of_record
TN:
SF:src\app\features\user\controllers\createUserController.ts
FN:4,createUserController
FNF:1
FNH:1
FNDA:3,createUserController
DA:2,5
DA:4,5
DA:5,3
DA:6,3
DA:7,3
LF:5
LH:5
BRF:0
BRH:0
end_of_record
TN:
SF:src\app\features\user\controllers\deleteUserController.ts
FN:5,deleteUserController
FNF:1
FNH:1
FNDA:1,deleteUserController
DA:3,5
DA:5,5
DA:6,1
DA:7,1
DA:8,1
LF:5
LH:5
BRF:0
BRH:0
end_of_record
TN:
SF:src\app\features\user\controllers\getUserNameController.ts
FN:3,getUserNameController
FNF:1
FNH:1
FNDA:1,getUserNameController
DA:3,5
DA:4,1
LF:2
LH:2
BRF:0
BRH:0
end_of_record
TN:
SF:src\app\features\user\repository\userTypeOrmRepository.ts
FN:8,(anonymous_7)
FN:10,(anonymous_8)
FN:14,(anonymous_9)
FN:18,(anonymous_11)
FN:22,(anonymous_13)
FN:26,(anonymous_15)
FNF:6
FNH:6
FNDA:12,(anonymous_7)
FNDA:5,(anonymous_8)
FNDA:11,(anonymous_9)
FNDA:18,(anonymous_11)
FNDA:3,(anonymous_13)
FNDA:1,(anonymous_15)
DA:2,12
DA:3,12
DA:5,12
DA:11,5
DA:15,11
DA:19,18
DA:23,3
DA:27,1
DA:31,12
LF:9
LH:9
BRF:0
BRH:0
end_of_record
TN:
SF:src\app\features\user\usecases\createUser.ts
FN:4,createUser
FNF:1
FNH:1
FNDA:4,createUser
DA:1,6
DA:2,6
DA:4,6
DA:6,4
DA:7,4
DA:8,4
DA:9,4
LF:7
LH:7
BRF:0
BRH:0
end_of_record
TN:
SF:src\app\features\user\usecases\deleteUser.ts
FN:4,deleteUser
FNF:1
FNH:1
FNDA:2,deleteUser
DA:2,6
DA:4,6
DA:5,2
LF:3
LH:3
BRF:0
BRH:0
end_of_record
TN:
SF:src\app\features\user\validators\middlewares\signUpValidMiddleware.ts
FN:5,signUpValidMiddleware
FNF:1
FNH:1
FNDA:13,signUpValidMiddleware
DA:2,5
DA:3,5
DA:5,5
DA:7,13
DA:8,13
DA:9,0
DA:11,13
DA:12,13
DA:13,13
DA:14,13
DA:15,7
DA:16,3
LF:12
LH:11
BRDA:8,0,0,0
BRDA:8,1,0,13
BRDA:8,1,1,13
BRDA:14,2,0,6
BRDA:15,3,0,4
BRF:5
BRH:4
end_of_record
TN:
SF:src\app\features\user\validators\newAccountValidation\passwordValidationCreation.ts
FN:1,passwordValidation
FNF:1
FNH:1
FNDA:13,passwordValidation
DA:1,5
DA:2,13
DA:3,13
DA:4,13
DA:5,13
DA:6,13
DA:7,2
DA:9,13
DA:10,1
DA:12,13
DA:13,130
DA:14,32
DA:17,13
DA:18,1
DA:20,13
DA:21,13
DA:22,338
DA:23,21
DA:26,13
DA:27,1
DA:29,13
LF:21
LH:21
BRDA:6,0,0,2
BRDA:9,1,0,1
BRDA:13,2,0,32
BRDA:17,3,0,1
BRDA:22,4,0,21
BRDA:26,5,0,1
BRF:6
BRH:6
end_of_record
TN:
SF:src\app\features\user\validators\newAccountValidation\userValidationCreation.ts
FN:3,userValidation
FNF:1
FNH:1
FNDA:13,userValidation
DA:1,5
DA:3,5
DA:4,13
DA:5,13
DA:6,13
DA:7,13
DA:8,13
DA:9,4
DA:11,13
LF:9
LH:9
BRDA:5,0,0,1
BRDA:6,1,0,1
BRDA:8,2,0,4
BRF:3
BRH:3
end_of_record
TN:
SF:src\app\models\Reminder.ts
FN:8,(anonymous_0)
FN:16,(anonymous_1)
FN:19,(anonymous_2)
FN:22,(anonymous_3)
FN:25,(anonymous_4)
FN:28,(anonymous_5)
FN:31,(anonymous_6)
FN:34,(anonymous_7)
FNF:8
FNH:4
FNDA:3,(anonymous_0)
FNDA:0,(anonymous_1)
FNDA:5,(anonymous_2)
FNDA:0,(anonymous_3)
FNDA:0,(anonymous_4)
FNDA:5,(anonymous_5)
FNDA:8,(anonymous_6)
FNDA:0,(anonymous_7)
DA:1,12
DA:9,3
DA:10,3
DA:11,3
DA:12,3
DA:13,3
DA:14,3
DA:17,0
DA:20,5
DA:23,0
DA:26,0
DA:29,5
DA:32,8
DA:35,0
LF:14
LH:10
BRDA:35,0,0,0
BRDA:35,0,1,0
BRF:2
BRH:0
end_of_record
TN:
SF:src\app\models\User.ts
FN:6,(anonymous_0)
FN:11,(anonymous_1)
FN:14,(anonymous_2)
FN:17,(anonymous_3)
FNF:4
FNH:3
FNDA:13,(anonymous_0)
FNDA:6,(anonymous_1)
FNDA:1,(anonymous_2)
FNDA:0,(anonymous_3)
DA:2,6
DA:7,13
DA:8,13
DA:9,13
DA:12,6
DA:15,1
DA:18,0
LF:7
LH:6
BRF:0
BRH:0
end_of_record
TN:
SF:src\app\shared\entities\remindersEntity.ts
FN:5,(anonymous_2)
FN:33,(anonymous_3)
FNF:2
FNH:2
FNDA:11,(anonymous_2)
FNDA:5,(anonymous_3)
DA:1,12
DA:2,12
DA:5,12
DA:7,12
DA:10,12
DA:13,12
DA:16,12
DA:19,23
DA:22,12
DA:25,12
DA:28,12
DA:31,12
DA:33,5
DA:35,12
LF:14
LH:14
BRF:0
BRH:0
end_of_record
TN:
SF:src\app\shared\entities\usersEntity.ts
FN:4,(anonymous_2)
FNF:1
FNH:1
FNDA:29,(anonymous_2)
DA:1,12
DA:4,12
DA:6,12
DA:9,29
DA:12,29
DA:15,12
LF:6
LH:6
BRF:0
BRH:0
end_of_record
TN:
SF:src\app\shared\helpers\initialUpperLetter.ts
FN:1,initialUpperLetter
FNF:1
FNH:1
FNDA:4,initialUpperLetter
DA:1,6
DA:2,4
DA:3,4
DA:4,4
LF:4
LH:4
BRF:0
BRH:0
end_of_record
TN:
SF:src\app\shared\helpers\pg-helper.ts
FN:10,(anonymous_7)
FN:18,(anonymous_9)
FNF:2
FNH:2
FNDA:5,(anonymous_7)
FNDA:5,(anonymous_9)
DA:2,12
DA:3,12
DA:4,12
DA:5,12
DA:8,12
DA:11,5
DA:14,5
DA:15,5
DA:16,5
DA:19,5
DA:20,5
LF:11
LH:11
BRDA:11,0,0,5
BRDA:11,0,1,0
BRF:2
BRH:1
end_of_record
