TN:
SF:src\app\envs\env.ts
FNF:0
FNH:0
DA:1,17
DA:2,17
DA:7,17
LF:3
LH:3
BRF:0
BRH:0
end_of_record
TN:
SF:src\app\features\auth\controllers\loginController.ts
FN:5,loginController
FNF:1
FNH:1
FNDA:9,loginController
DA:2,9
DA:5,9
DA:6,9
DA:7,9
DA:8,9
LF:5
LH:5
BRF:0
BRH:0
end_of_record
TN:
SF:src\app\features\auth\usecases\generateNewToken.ts
FN:4,generateNewTokenMiddleware
FNF:1
FNH:1
FNDA:10,generateNewTokenMiddleware
DA:1,10
DA:2,10
DA:4,10
DA:5,10
DA:7,10
LF:5
LH:5
BRF:0
BRH:0
end_of_record
TN:
SF:src\app\features\auth\validators\middlewares\authTokenMiddleware.ts
FN:8,authTokenMiddleware
FN:14,(anonymous_10)
FN:14,(anonymous_11)
FNF:3
FNH:3
FNDA:64,authTokenMiddleware
FNDA:57,(anonymous_10)
FNDA:57,(anonymous_11)
DA:3,9
DA:4,9
DA:5,9
DA:6,9
DA:8,9
DA:10,64
DA:11,64
DA:12,64
DA:13,64
DA:14,57
DA:15,57
DA:16,57
DA:17,56
DA:18,56
DA:19,49
DA:20,49
DA:23,57
DA:25,57
DA:26,49
LF:19
LH:19
BRDA:11,0,0,64
BRDA:11,0,1,57
BRDA:13,1,0,7
BRDA:15,2,0,1
BRDA:16,3,0,56
BRDA:18,4,0,49
BRDA:23,5,0,8
BRDA:25,6,0,8
BRF:8
BRH:8
end_of_record
TN:
SF:src\app\features\auth\validators\middlewares\loginAuthMiddleware.ts
FN:5,loginAuthMiddleware
FNF:1
FNH:1
FNDA:10,loginAuthMiddleware
DA:2,9
DA:3,9
DA:5,9
DA:7,10
DA:8,10
DA:9,0
DA:11,10
DA:12,10
DA:13,1
DA:15,9
DA:16,9
LF:11
LH:10
BRDA:8,0,0,0
BRDA:8,1,0,10
BRDA:8,1,1,10
BRDA:12,2,0,1
BRDA:12,3,0,10
BRDA:12,3,1,9
BRF:6
BRH:5
end_of_record
TN:
SF:src\app\features\reminder\controllers\archiveReminderController.ts
FN:5,archiveReminderController
FNF:1
FNH:1
FNDA:2,archiveReminderController
DA:3,9
DA:5,9
DA:6,2
DA:7,2
DA:8,2
LF:5
LH:5
BRF:0
BRH:0
end_of_record
TN:
SF:src\app\features\reminder\controllers\createReminderController.ts
FN:4,createReminderController
FNF:1
FNH:1
FNDA:7,createReminderController
DA:2,9
DA:4,9
DA:5,7
DA:6,7
LF:4
LH:4
BRF:0
BRH:0
end_of_record
TN:
SF:src\app\features\reminder\controllers\deleteReminderController.ts
FN:5,deleteReminderController
FNF:1
FNH:1
FNDA:1,deleteReminderController
DA:3,9
DA:5,9
DA:6,1
DA:7,1
DA:8,1
LF:5
LH:5
BRF:0
BRH:0
end_of_record
TN:
SF:src\app\features\reminder\controllers\getRemindersController.ts
FN:7,getRemindersController
FNF:1
FNH:1
FNDA:7,getRemindersController
DA:4,9
DA:7,9
DA:8,7
DA:9,7
DA:10,7
DA:15,7
DA:16,7
LF:7
LH:7
BRF:0
BRH:0
end_of_record
TN:
SF:src\app\features\reminder\controllers\updateReminderController.ts
FN:6,updateReminderController
FNF:1
FNH:1
FNDA:1,updateReminderController
DA:4,9
DA:6,9
DA:7,1
DA:8,1
DA:9,1
DA:10,1
LF:6
LH:6
BRF:0
BRH:0
end_of_record
TN:
SF:src\app\features\reminder\repository\remindersTypeOrmRepository.ts
FN:9,(anonymous_8)
FN:12,(anonymous_9)
FN:16,(anonymous_10)
FN:23,(anonymous_12)
FN:27,(anonymous_14)
FN:30,(anonymous_15)
FN:36,(anonymous_17)
FN:40,(anonymous_19)
FN:44,(anonymous_21)
FNF:9
FNH:9
FNDA:16,(anonymous_8)
FNDA:9,(anonymous_9)
FNDA:2,(anonymous_10)
FNDA:7,(anonymous_12)
FNDA:27,(anonymous_14)
FNDA:13,(anonymous_15)
FNDA:10,(anonymous_17)
FNDA:1,(anonymous_19)
FNDA:1,(anonymous_21)
DA:2,16
DA:3,16
DA:4,16
DA:6,16
DA:13,9
DA:17,2
DA:20,2
DA:24,7
DA:27,27
DA:31,13
DA:37,10
DA:41,1
DA:45,1
DA:49,16
LF:14
LH:14
BRF:0
BRH:0
end_of_record
TN:
SF:src\app\features\reminder\usecases\changeArchiveStatus.ts
FN:4,changeArchiveStatus
FNF:1
FNH:1
FNDA:4,changeArchiveStatus
DA:2,10
DA:4,10
DA:6,4
DA:7,3
DA:8,3
DA:9,3
DA:11,1
DA:12,1
DA:13,1
LF:9
LH:9
BRDA:6,0,0,3
BRF:1
BRH:1
end_of_record
TN:
SF:src\app\features\reminder\usecases\createReminder.ts
FN:6,createReminder
FNF:1
FNH:1
FNDA:8,createReminder
DA:2,10
DA:3,10
DA:4,10
DA:6,10
DA:7,8
DA:8,8
DA:9,8
DA:10,8
DA:11,8
DA:12,8
DA:13,8
DA:14,8
LF:12
LH:12
BRF:0
BRH:0
end_of_record
TN:
SF:src\app\features\reminder\usecases\deleteReminder.ts
FN:4,deleteReminder
FNF:1
FNH:1
FNDA:2,deleteReminder
DA:2,10
DA:4,10
DA:5,2
LF:3
LH:3
BRF:0
BRH:0
end_of_record
TN:
SF:src\app\features\reminder\usecases\getUserReminders.ts
FN:5,getUserReminders
FN:9,(anonymous_9)
FN:13,(anonymous_10)
FNF:3
FNH:3
FNDA:11,getUserReminders
FNDA:27,(anonymous_9)
FNDA:6,(anonymous_10)
DA:2,10
DA:5,10
DA:7,11
DA:8,11
DA:9,27
DA:11,11
DA:12,2
DA:13,2
DA:14,6
DA:15,1
DA:17,5
DA:18,3
DA:22,11
LF:13
LH:13
BRDA:8,0,0,7
BRDA:11,1,0,2
BRDA:14,2,0,1
BRDA:14,2,1,5
BRDA:17,3,0,3
BRF:5
BRH:5
end_of_record
TN:
SF:src\app\features\reminder\usecases\updateReminder.ts
FN:5,updateReminder
FNF:1
FNH:1
FNDA:2,updateReminder
DA:3,10
DA:5,10
DA:7,2
DA:8,2
DA:9,2
DA:10,2
DA:11,2
LF:7
LH:7
BRDA:7,0,0,2
BRDA:7,0,1,0
BRDA:8,1,0,1
BRDA:8,1,1,1
BRDA:9,2,0,2
BRDA:9,2,1,0
BRDA:10,3,0,1
BRDA:10,3,1,1
BRF:8
BRH:6
end_of_record
TN:
SF:src\app\features\reminder\validators\actionValidation.ts
FN:1,actionValidation
FNF:1
FNH:1
FNDA:22,actionValidation
DA:1,9
DA:2,22
DA:3,2
DA:5,20
LF:4
LH:4
BRDA:2,0,0,2
BRDA:2,1,0,22
BRDA:2,1,1,20
BRF:3
BRH:3
end_of_record
TN:
SF:src\app\features\reminder\validators\dateValidation.ts
FN:1,dateValidation
FNF:1
FNH:1
FNDA:22,dateValidation
DA:1,9
DA:2,22
DA:3,22
DA:4,2
DA:6,20
DA:7,20
DA:8,20
DA:9,20
DA:10,1
DA:12,19
DA:13,1
DA:15,18
DA:16,1
DA:18,17
DA:19,1
DA:21,16
DA:22,1
DA:24,15
LF:18
LH:18
BRDA:3,0,0,2
BRDA:9,1,0,1
BRDA:9,2,0,20
BRDA:9,2,1,19
BRDA:9,2,2,19
BRDA:12,3,0,1
BRDA:12,3,1,18
BRDA:12,4,0,19
BRDA:12,4,1,18
BRDA:15,5,0,1
BRDA:15,5,1,17
BRDA:15,6,0,18
BRDA:15,6,1,18
BRDA:18,7,0,1
BRDA:18,7,1,16
BRDA:18,8,0,17
BRDA:18,8,1,17
BRDA:21,9,0,1
BRDA:21,10,0,16
BRDA:21,10,1,15
BRF:20
BRH:20
end_of_record
TN:
SF:src\app\features\reminder\validators\descriptionValidation.ts
FN:1,descriptionValidation
FNF:1
FNH:1
FNDA:22,descriptionValidation
DA:1,9
DA:2,22
DA:3,2
DA:5,20
LF:4
LH:4
BRDA:2,0,0,2
BRDA:2,1,0,22
BRDA:2,1,1,21
BRF:3
BRH:3
end_of_record
TN:
SF:src\app\features\reminder\validators\timeValidation.ts
FN:1,timeValidation
FNF:1
FNH:1
FNDA:22,timeValidation
DA:1,9
DA:2,22
DA:3,22
DA:4,2
DA:6,20
DA:7,20
DA:8,20
DA:9,1
DA:11,19
DA:12,1
DA:14,18
DA:15,1
DA:17,17
DA:18,1
DA:20,16
LF:15
LH:15
BRDA:3,0,0,2
BRDA:8,1,0,1
BRDA:8,2,0,20
BRDA:8,2,1,19
BRDA:11,3,0,1
BRDA:11,3,1,18
BRDA:11,4,0,19
BRDA:11,4,1,18
BRDA:14,5,0,1
BRDA:14,5,1,17
BRDA:14,6,0,18
BRDA:14,6,1,17
BRDA:17,7,0,1
BRF:13
BRH:13
end_of_record
TN:
SF:src\app\features\reminder\validators\middlewares\validNewReminderMiddleware.ts
FN:7,validNewReminderMiddleware
FN:10,(anonymous_2)
FNF:2
FNH:2
FNDA:21,validNewReminderMiddleware
FNDA:81,(anonymous_2)
DA:2,9
DA:3,9
DA:4,9
DA:5,9
DA:7,9
DA:9,21
DA:10,81
DA:11,1
DA:13,20
DA:14,20
DA:15,20
DA:16,20
DA:17,20
DA:18,19
DA:19,13
DA:20,8
DA:21,7
LF:17
LH:17
BRDA:10,0,0,1
BRDA:17,1,0,1
BRDA:18,2,0,6
BRDA:19,3,0,5
BRDA:20,4,0,1
BRF:5
BRH:5
end_of_record
TN:
SF:src\app\features\reminder\validators\middlewares\validQueriesMiddleware.ts
FN:3,validQueriesMiddleware
FNF:1
FNH:1
FNDA:9,validQueriesMiddleware
DA:3,9
DA:5,9
DA:6,9
DA:7,1
DA:11,8
DA:12,1
DA:16,7
LF:7
LH:7
BRDA:6,0,0,1
BRDA:6,1,0,9
BRDA:6,1,1,8
BRDA:11,2,0,1
BRDA:11,3,0,8
BRDA:11,3,1,6
BRF:6
BRH:6
end_of_record
TN:
SF:src\app\features\reminder\validators\middlewares\validReminderIdMiddleware.ts
FN:6,validReminderIdMiddleware
FNF:1
FNH:1
FNDA:16,validReminderIdMiddleware
DA:4,9
DA:6,9
DA:8,16
DA:9,16
DA:10,16
DA:11,13
DA:12,13
DA:13,10
DA:14,10
LF:9
LH:9
BRDA:10,0,0,3
BRDA:10,1,0,16
BRDA:10,1,1,16
BRDA:12,2,0,3
BRDA:12,3,0,13
BRDA:12,3,1,10
BRF:6
BRH:6
end_of_record
TN:
SF:src\app\features\reminder\validators\middlewares\validUpdateReminderMiddleware.ts
FN:8,validUpdateReminderMiddleware
FN:11,(anonymous_2)
FN:15,(anonymous_3)
FNF:3
FNH:3
FNDA:7,validUpdateReminderMiddleware
FNDA:28,(anonymous_2)
FNDA:9,(anonymous_3)
DA:2,9
DA:3,9
DA:4,9
DA:5,9
DA:6,9
DA:8,9
DA:10,7
DA:11,28
DA:12,7
DA:13,1
DA:15,9
DA:16,1
DA:19,5
DA:20,5
DA:21,5
DA:22,5
DA:24,5
DA:25,4
DA:26,3
DA:27,2
DA:28,1
DA:34,1
DA:35,1
DA:37,1
DA:38,1
DA:40,1
DA:41,1
LF:27
LH:27
BRDA:12,0,0,1
BRDA:15,1,0,1
BRDA:19,2,0,2
BRDA:19,2,1,3
BRDA:20,3,0,2
BRDA:20,3,1,3
BRDA:21,4,0,2
BRDA:21,4,1,3
BRDA:22,5,0,2
BRDA:22,5,1,3
BRDA:24,6,0,1
BRDA:25,7,0,1
BRDA:26,8,0,1
BRDA:27,9,0,1
BRDA:34,10,0,1
BRDA:37,11,0,1
BRF:16
BRH:16
end_of_record
TN:
SF:src\app\features\user\controllers\createUserController.ts
FN:4,createUserController
FNF:1
FNH:1
FNDA:3,createUserController
DA:2,9
DA:4,9
DA:5,3
DA:6,3
DA:7,3
LF:5
LH:5
BRF:0
BRH:0
end_of_record
TN:
SF:src\app\features\user\controllers\deleteUserController.ts
FN:5,deleteUserController
FNF:1
FNH:1
FNDA:2,deleteUserController
DA:3,9
DA:5,9
DA:6,2
DA:7,2
DA:8,2
LF:5
LH:5
BRF:0
BRH:0
end_of_record
TN:
SF:src\app\features\user\controllers\getUserNameController.ts
FN:3,getUserNameController
FNF:1
FNH:1
FNDA:1,getUserNameController
DA:3,9
DA:4,1
LF:2
LH:2
BRF:0
BRH:0
end_of_record
TN:
SF:src\app\features\user\repository\userTypeOrmRepository.ts
FN:8,(anonymous_7)
FN:10,(anonymous_8)
FN:14,(anonymous_9)
FN:18,(anonymous_11)
FN:22,(anonymous_13)
FN:26,(anonymous_15)
FNF:6
FNH:6
FNDA:16,(anonymous_7)
FNDA:9,(anonymous_8)
FNDA:56,(anonymous_9)
FNDA:27,(anonymous_11)
FNDA:3,(anonymous_13)
FNDA:2,(anonymous_15)
DA:2,16
DA:3,16
DA:5,16
DA:11,9
DA:15,56
DA:19,27
DA:23,3
DA:27,2
DA:31,16
LF:9
LH:9
BRF:0
BRH:0
end_of_record
TN:
SF:src\app\features\user\usecases\createUser.ts
FN:4,createUser
FNF:1
FNH:1
FNDA:4,createUser
DA:1,10
DA:2,10
DA:4,10
DA:6,4
DA:7,4
DA:8,4
DA:9,4
LF:7
LH:7
BRF:0
BRH:0
end_of_record
TN:
SF:src\app\features\user\usecases\deleteUser.ts
FN:6,deleteUser
FNF:1
FNH:1
FNDA:3,deleteUser
DA:3,10
DA:4,10
DA:6,10
DA:7,3
DA:9,3
DA:10,1
DA:12,3
LF:7
LH:7
BRDA:9,0,0,1
BRF:1
BRH:1
end_of_record
TN:
SF:src\app\features\user\validators\middlewares\signUpValidMiddleware.ts
FN:5,signUpValidMiddleware
FNF:1
FNH:1
FNDA:17,signUpValidMiddleware
DA:2,9
DA:3,9
DA:5,9
DA:7,17
DA:8,17
DA:9,0
DA:11,17
DA:12,17
DA:13,17
DA:14,17
DA:15,7
DA:16,3
LF:12
LH:11
BRDA:8,0,0,0
BRDA:8,1,0,17
BRDA:8,1,1,17
BRDA:14,2,0,10
BRDA:15,3,0,4
BRF:5
BRH:4
end_of_record
TN:
SF:src\app\features\user\validators\newAccountValidation\passwordValidationCreation.ts
FN:1,passwordValidation
FNF:1
FNH:1
FNDA:17,passwordValidation
DA:1,9
DA:2,17
DA:3,17
DA:4,17
DA:5,17
DA:6,17
DA:7,2
DA:9,17
DA:10,1
DA:12,17
DA:13,170
DA:14,44
DA:17,17
DA:18,1
DA:20,17
DA:21,17
DA:22,442
DA:23,25
DA:26,17
DA:27,1
DA:29,17
LF:21
LH:21
BRDA:6,0,0,2
BRDA:9,1,0,1
BRDA:13,2,0,44
BRDA:17,3,0,1
BRDA:22,4,0,25
BRDA:26,5,0,1
BRF:6
BRH:6
end_of_record
TN:
SF:src\app\features\user\validators\newAccountValidation\userValidationCreation.ts
FN:3,userValidation
FNF:1
FNH:1
FNDA:17,userValidation
DA:1,9
DA:3,9
DA:4,17
DA:5,17
DA:6,17
DA:7,17
DA:8,17
DA:9,8
DA:11,17
LF:9
LH:9
BRDA:5,0,0,1
BRDA:6,1,0,1
BRDA:8,2,0,8
BRF:3
BRH:3
end_of_record
TN:
SF:src\app\models\Reminder.ts
FN:8,(anonymous_0)
FN:16,(anonymous_1)
FN:19,(anonymous_2)
FN:22,(anonymous_3)
FN:25,(anonymous_4)
FN:28,(anonymous_5)
FN:31,(anonymous_6)
FN:34,(anonymous_7)
FNF:8
FNH:4
FNDA:30,(anonymous_0)
FNDA:0,(anonymous_1)
FNDA:8,(anonymous_2)
FNDA:0,(anonymous_3)
FNDA:0,(anonymous_4)
FNDA:7,(anonymous_5)
FNDA:29,(anonymous_6)
FNDA:0,(anonymous_7)
DA:1,16
DA:9,30
DA:10,30
DA:11,30
DA:12,30
DA:13,30
DA:14,30
DA:17,0
DA:20,8
DA:23,0
DA:26,0
DA:29,7
DA:32,29
DA:35,0
LF:14
LH:10
BRDA:35,0,0,0
BRDA:35,0,1,0
BRF:2
BRH:0
end_of_record
TN:
SF:src\app\models\User.ts
FN:6,(anonymous_0)
FN:11,(anonymous_1)
FN:14,(anonymous_2)
FN:17,(anonymous_3)
FNF:4
FNH:3
FNDA:59,(anonymous_0)
FNDA:34,(anonymous_1)
FNDA:1,(anonymous_2)
FNDA:0,(anonymous_3)
DA:2,10
DA:7,59
DA:8,59
DA:9,59
DA:12,34
DA:15,1
DA:18,0
LF:7
LH:6
BRF:0
BRH:0
end_of_record
TN:
SF:src\app\shared\entities\remindersEntity.ts
FN:5,(anonymous_2)
FN:33,(anonymous_3)
FNF:2
FNH:2
FNDA:74,(anonymous_2)
FNDA:9,(anonymous_3)
DA:1,16
DA:2,16
DA:5,16
DA:7,16
DA:10,74
DA:13,74
DA:16,74
DA:19,90
DA:22,74
DA:25,16
DA:28,16
DA:31,74
DA:33,9
DA:35,16
LF:14
LH:14
BRF:0
BRH:0
end_of_record
TN:
SF:src\app\shared\entities\usersEntity.ts
FN:4,(anonymous_2)
FNF:1
FNH:1
FNDA:84,(anonymous_2)
DA:1,16
DA:4,16
DA:6,16
DA:9,84
DA:12,84
DA:15,16
LF:6
LH:6
BRF:0
BRH:0
end_of_record
TN:
SF:src\app\shared\helpers\initialUpperLetter.ts
FN:1,initialUpperLetter
FNF:1
FNH:1
FNDA:18,initialUpperLetter
DA:1,10
DA:2,18
DA:3,18
DA:4,18
LF:4
LH:4
BRF:0
BRH:0
end_of_record
TN:
SF:src\app\shared\helpers\pg-helper.ts
FN:10,(anonymous_7)
FN:18,(anonymous_9)
FNF:2
FNH:2
FNDA:9,(anonymous_7)
FNDA:9,(anonymous_9)
DA:2,16
DA:3,16
DA:4,16
DA:5,16
DA:8,16
DA:11,9
DA:14,9
DA:15,9
DA:16,9
DA:19,9
DA:20,9
LF:11
LH:11
BRDA:11,0,0,9
BRDA:11,0,1,0
BRF:2
BRH:1
end_of_record
